<?xml version="1.0" encoding="UTF-8"?>
<testsuite xmlns:xsi="http://www.w3.org/2001/XMLSchema-instance" xsi:noNamespaceSchemaLocation="https://maven.apache.org/surefire/maven-surefire-plugin/xsd/surefire-test-report-3.0.xsd" version="3.0" name="mk.ukim.finki.wp.eshop.EshopApplicationTests" time="13.788" tests="3" errors="0" skipped="0" failures="0">
  <properties>
    <property name="java.specification.version" value="19"/>
    <property name="sun.cpu.isalist" value="amd64"/>
    <property name="sun.jnu.encoding" value="Cp1251"/>
    <property name="java.class.path" value="C:\Users\Viktorija\KIII_Project_213045\target\test-classes;C:\Users\Viktorija\KIII_Project_213045\target\classes;C:\Users\Viktorija\.m2\repository\org\springframework\boot\spring-boot-starter-thymeleaf\3.1.5\spring-boot-starter-thymeleaf-3.1.5.jar;C:\Users\Viktorija\.m2\repository\org\springframework\boot\spring-boot-starter\3.1.5\spring-boot-starter-3.1.5.jar;C:\Users\Viktorija\.m2\repository\org\springframework\boot\spring-boot\3.1.5\spring-boot-3.1.5.jar;C:\Users\Viktorija\.m2\repository\org\springframework\boot\spring-boot-autoconfigure\3.1.5\spring-boot-autoconfigure-3.1.5.jar;C:\Users\Viktorija\.m2\repository\org\springframework\boot\spring-boot-starter-logging\3.1.5\spring-boot-starter-logging-3.1.5.jar;C:\Users\Viktorija\.m2\repository\ch\qos\logback\logback-classic\1.4.11\logback-classic-1.4.11.jar;C:\Users\Viktorija\.m2\repository\ch\qos\logback\logback-core\1.4.11\logback-core-1.4.11.jar;C:\Users\Viktorija\.m2\repository\org\apache\logging\log4j\log4j-to-slf4j\2.20.0\log4j-to-slf4j-2.20.0.jar;C:\Users\Viktorija\.m2\repository\org\apache\logging\log4j\log4j-api\2.20.0\log4j-api-2.20.0.jar;C:\Users\Viktorija\.m2\repository\org\slf4j\jul-to-slf4j\2.0.9\jul-to-slf4j-2.0.9.jar;C:\Users\Viktorija\.m2\repository\jakarta\annotation\jakarta.annotation-api\2.1.1\jakarta.annotation-api-2.1.1.jar;C:\Users\Viktorija\.m2\repository\org\yaml\snakeyaml\1.33\snakeyaml-1.33.jar;C:\Users\Viktorija\.m2\repository\org\thymeleaf\thymeleaf-spring6\3.1.2.RELEASE\thymeleaf-spring6-3.1.2.RELEASE.jar;C:\Users\Viktorija\.m2\repository\org\thymeleaf\thymeleaf\3.1.2.RELEASE\thymeleaf-3.1.2.RELEASE.jar;C:\Users\Viktorija\.m2\repository\org\attoparser\attoparser\2.0.7.RELEASE\attoparser-2.0.7.RELEASE.jar;C:\Users\Viktorija\.m2\repository\org\unbescape\unbescape\1.1.6.RELEASE\unbescape-1.1.6.RELEASE.jar;C:\Users\Viktorija\.m2\repository\org\springframework\boot\spring-boot-starter-web\3.1.5\spring-boot-starter-web-3.1.5.jar;C:\Users\Viktorija\.m2\repository\org\springframework\boot\spring-boot-starter-json\3.1.5\spring-boot-starter-json-3.1.5.jar;C:\Users\Viktorija\.m2\repository\com\fasterxml\jackson\core\jackson-databind\2.15.3\jackson-databind-2.15.3.jar;C:\Users\Viktorija\.m2\repository\com\fasterxml\jackson\core\jackson-annotations\2.15.3\jackson-annotations-2.15.3.jar;C:\Users\Viktorija\.m2\repository\com\fasterxml\jackson\core\jackson-core\2.15.3\jackson-core-2.15.3.jar;C:\Users\Viktorija\.m2\repository\com\fasterxml\jackson\datatype\jackson-datatype-jdk8\2.15.3\jackson-datatype-jdk8-2.15.3.jar;C:\Users\Viktorija\.m2\repository\com\fasterxml\jackson\datatype\jackson-datatype-jsr310\2.15.3\jackson-datatype-jsr310-2.15.3.jar;C:\Users\Viktorija\.m2\repository\com\fasterxml\jackson\module\jackson-module-parameter-names\2.15.3\jackson-module-parameter-names-2.15.3.jar;C:\Users\Viktorija\.m2\repository\org\springframework\boot\spring-boot-starter-tomcat\3.1.5\spring-boot-starter-tomcat-3.1.5.jar;C:\Users\Viktorija\.m2\repository\org\apache\tomcat\embed\tomcat-embed-core\10.1.15\tomcat-embed-core-10.1.15.jar;C:\Users\Viktorija\.m2\repository\org\apache\tomcat\embed\tomcat-embed-el\10.1.15\tomcat-embed-el-10.1.15.jar;C:\Users\Viktorija\.m2\repository\org\apache\tomcat\embed\tomcat-embed-websocket\10.1.15\tomcat-embed-websocket-10.1.15.jar;C:\Users\Viktorija\.m2\repository\org\springframework\spring-web\6.0.13\spring-web-6.0.13.jar;C:\Users\Viktorija\.m2\repository\org\springframework\spring-beans\6.0.13\spring-beans-6.0.13.jar;C:\Users\Viktorija\.m2\repository\io\micrometer\micrometer-observation\1.11.5\micrometer-observation-1.11.5.jar;C:\Users\Viktorija\.m2\repository\io\micrometer\micrometer-commons\1.11.5\micrometer-commons-1.11.5.jar;C:\Users\Viktorija\.m2\repository\org\springframework\spring-webmvc\6.0.13\spring-webmvc-6.0.13.jar;C:\Users\Viktorija\.m2\repository\org\springframework\spring-context\6.0.13\spring-context-6.0.13.jar;C:\Users\Viktorija\.m2\repository\org\springframework\spring-expression\6.0.13\spring-expression-6.0.13.jar;C:\Users\Viktorija\.m2\repository\org\springframework\boot\spring-boot-starter-data-jpa\3.1.5\spring-boot-starter-data-jpa-3.1.5.jar;C:\Users\Viktorija\.m2\repository\org\springframework\boot\spring-boot-starter-aop\3.1.5\spring-boot-starter-aop-3.1.5.jar;C:\Users\Viktorija\.m2\repository\org\aspectj\aspectjweaver\1.9.20\aspectjweaver-1.9.20.jar;C:\Users\Viktorija\.m2\repository\org\springframework\boot\spring-boot-starter-jdbc\3.1.5\spring-boot-starter-jdbc-3.1.5.jar;C:\Users\Viktorija\.m2\repository\com\zaxxer\HikariCP\5.0.1\HikariCP-5.0.1.jar;C:\Users\Viktorija\.m2\repository\org\springframework\spring-jdbc\6.0.13\spring-jdbc-6.0.13.jar;C:\Users\Viktorija\.m2\repository\org\hibernate\orm\hibernate-core\6.2.13.Final\hibernate-core-6.2.13.Final.jar;C:\Users\Viktorija\.m2\repository\jakarta\persistence\jakarta.persistence-api\3.1.0\jakarta.persistence-api-3.1.0.jar;C:\Users\Viktorija\.m2\repository\jakarta\transaction\jakarta.transaction-api\2.0.1\jakarta.transaction-api-2.0.1.jar;C:\Users\Viktorija\.m2\repository\org\jboss\logging\jboss-logging\3.5.3.Final\jboss-logging-3.5.3.Final.jar;C:\Users\Viktorija\.m2\repository\org\hibernate\common\hibernate-commons-annotations\6.0.6.Final\hibernate-commons-annotations-6.0.6.Final.jar;C:\Users\Viktorija\.m2\repository\io\smallrye\jandex\3.0.5\jandex-3.0.5.jar;C:\Users\Viktorija\.m2\repository\com\fasterxml\classmate\1.5.1\classmate-1.5.1.jar;C:\Users\Viktorija\.m2\repository\net\bytebuddy\byte-buddy\1.14.9\byte-buddy-1.14.9.jar;C:\Users\Viktorija\.m2\repository\org\glassfish\jaxb\jaxb-runtime\4.0.3\jaxb-runtime-4.0.3.jar;C:\Users\Viktorija\.m2\repository\org\glassfish\jaxb\jaxb-core\4.0.3\jaxb-core-4.0.3.jar;C:\Users\Viktorija\.m2\repository\org\eclipse\angus\angus-activation\2.0.1\angus-activation-2.0.1.jar;C:\Users\Viktorija\.m2\repository\org\glassfish\jaxb\txw2\4.0.3\txw2-4.0.3.jar;C:\Users\Viktorija\.m2\repository\com\sun\istack\istack-commons-runtime\4.1.2\istack-commons-runtime-4.1.2.jar;C:\Users\Viktorija\.m2\repository\jakarta\inject\jakarta.inject-api\2.0.1\jakarta.inject-api-2.0.1.jar;C:\Users\Viktorija\.m2\repository\org\antlr\antlr4-runtime\4.10.1\antlr4-runtime-4.10.1.jar;C:\Users\Viktorija\.m2\repository\org\springframework\data\spring-data-jpa\3.1.5\spring-data-jpa-3.1.5.jar;C:\Users\Viktorija\.m2\repository\org\springframework\data\spring-data-commons\3.1.5\spring-data-commons-3.1.5.jar;C:\Users\Viktorija\.m2\repository\org\springframework\spring-orm\6.0.13\spring-orm-6.0.13.jar;C:\Users\Viktorija\.m2\repository\org\springframework\spring-tx\6.0.13\spring-tx-6.0.13.jar;C:\Users\Viktorija\.m2\repository\org\springframework\spring-aspects\6.0.13\spring-aspects-6.0.13.jar;C:\Users\Viktorija\.m2\repository\org\projectlombok\lombok\1.18.30\lombok-1.18.30.jar;C:\Users\Viktorija\.m2\repository\com\h2database\h2\2.1.214\h2-2.1.214.jar;C:\Users\Viktorija\.m2\repository\org\postgresql\postgresql\42.6.0\postgresql-42.6.0.jar;C:\Users\Viktorija\.m2\repository\org\checkerframework\checker-qual\3.31.0\checker-qual-3.31.0.jar;C:\Users\Viktorija\.m2\repository\org\springframework\boot\spring-boot-starter-test\3.2.1\spring-boot-starter-test-3.2.1.jar;C:\Users\Viktorija\.m2\repository\org\springframework\boot\spring-boot-test\3.1.5\spring-boot-test-3.1.5.jar;C:\Users\Viktorija\.m2\repository\org\springframework\boot\spring-boot-test-autoconfigure\3.1.5\spring-boot-test-autoconfigure-3.1.5.jar;C:\Users\Viktorija\.m2\repository\com\jayway\jsonpath\json-path\2.8.0\json-path-2.8.0.jar;C:\Users\Viktorija\.m2\repository\jakarta\xml\bind\jakarta.xml.bind-api\4.0.1\jakarta.xml.bind-api-4.0.1.jar;C:\Users\Viktorija\.m2\repository\jakarta\activation\jakarta.activation-api\2.1.2\jakarta.activation-api-2.1.2.jar;C:\Users\Viktorija\.m2\repository\net\minidev\json-smart\2.4.11\json-smart-2.4.11.jar;C:\Users\Viktorija\.m2\repository\net\minidev\accessors-smart\2.4.11\accessors-smart-2.4.11.jar;C:\Users\Viktorija\.m2\repository\org\ow2\asm\asm\9.3\asm-9.3.jar;C:\Users\Viktorija\.m2\repository\org\assertj\assertj-core\3.24.2\assertj-core-3.24.2.jar;C:\Users\Viktorija\.m2\repository\org\awaitility\awaitility\4.2.0\awaitility-4.2.0.jar;C:\Users\Viktorija\.m2\repository\org\hamcrest\hamcrest\2.2\hamcrest-2.2.jar;C:\Users\Viktorija\.m2\repository\org\junit\jupiter\junit-jupiter\5.9.3\junit-jupiter-5.9.3.jar;C:\Users\Viktorija\.m2\repository\org\junit\jupiter\junit-jupiter-api\5.9.3\junit-jupiter-api-5.9.3.jar;C:\Users\Viktorija\.m2\repository\org\opentest4j\opentest4j\1.2.0\opentest4j-1.2.0.jar;C:\Users\Viktorija\.m2\repository\org\junit\platform\junit-platform-commons\1.9.3\junit-platform-commons-1.9.3.jar;C:\Users\Viktorija\.m2\repository\org\apiguardian\apiguardian-api\1.1.2\apiguardian-api-1.1.2.jar;C:\Users\Viktorija\.m2\repository\org\junit\jupiter\junit-jupiter-params\5.9.3\junit-jupiter-params-5.9.3.jar;C:\Users\Viktorija\.m2\repository\org\junit\jupiter\junit-jupiter-engine\5.9.3\junit-jupiter-engine-5.9.3.jar;C:\Users\Viktorija\.m2\repository\org\junit\platform\junit-platform-engine\1.9.3\junit-platform-engine-1.9.3.jar;C:\Users\Viktorija\.m2\repository\org\mockito\mockito-core\5.3.1\mockito-core-5.3.1.jar;C:\Users\Viktorija\.m2\repository\net\bytebuddy\byte-buddy-agent\1.14.9\byte-buddy-agent-1.14.9.jar;C:\Users\Viktorija\.m2\repository\org\objenesis\objenesis\3.3\objenesis-3.3.jar;C:\Users\Viktorija\.m2\repository\org\mockito\mockito-junit-jupiter\5.3.1\mockito-junit-jupiter-5.3.1.jar;C:\Users\Viktorija\.m2\repository\org\skyscreamer\jsonassert\1.5.1\jsonassert-1.5.1.jar;C:\Users\Viktorija\.m2\repository\com\vaadin\external\google\android-json\0.0.20131108.vaadin1\android-json-0.0.20131108.vaadin1.jar;C:\Users\Viktorija\.m2\repository\org\springframework\spring-core\6.0.13\spring-core-6.0.13.jar;C:\Users\Viktorija\.m2\repository\org\springframework\spring-jcl\6.0.13\spring-jcl-6.0.13.jar;C:\Users\Viktorija\.m2\repository\org\springframework\spring-test\6.0.13\spring-test-6.0.13.jar;C:\Users\Viktorija\.m2\repository\org\xmlunit\xmlunit-core\2.9.1\xmlunit-core-2.9.1.jar;C:\Users\Viktorija\.m2\repository\org\springframework\boot\spring-boot-starter-security\3.1.5\spring-boot-starter-security-3.1.5.jar;C:\Users\Viktorija\.m2\repository\org\springframework\spring-aop\6.0.13\spring-aop-6.0.13.jar;C:\Users\Viktorija\.m2\repository\org\springframework\security\spring-security-config\6.1.5\spring-security-config-6.1.5.jar;C:\Users\Viktorija\.m2\repository\org\springframework\security\spring-security-web\6.1.5\spring-security-web-6.1.5.jar;C:\Users\Viktorija\.m2\repository\org\thymeleaf\extras\thymeleaf-extras-springsecurity6\3.1.1.RELEASE\thymeleaf-extras-springsecurity6-3.1.1.RELEASE.jar;C:\Users\Viktorija\.m2\repository\org\slf4j\slf4j-api\2.0.9\slf4j-api-2.0.9.jar;C:\Users\Viktorija\.m2\repository\org\springframework\security\spring-security-test\6.1.5\spring-security-test-6.1.5.jar;C:\Users\Viktorija\.m2\repository\org\springframework\security\spring-security-core\6.1.5\spring-security-core-6.1.5.jar;C:\Users\Viktorija\.m2\repository\org\springframework\security\spring-security-crypto\6.1.5\spring-security-crypto-6.1.5.jar;C:\Users\Viktorija\.m2\repository\junit\junit\4.13.2\junit-4.13.2.jar;C:\Users\Viktorija\.m2\repository\org\hamcrest\hamcrest-core\2.2\hamcrest-core-2.2.jar;C:\Users\Viktorija\.m2\repository\org\mockito\mockito-all\1.9.5\mockito-all-1.9.5.jar;C:\Users\Viktorija\.m2\repository\org\seleniumhq\selenium\selenium-java\4.8.3\selenium-java-4.8.3.jar;C:\Users\Viktorija\.m2\repository\org\seleniumhq\selenium\selenium-api\4.8.3\selenium-api-4.8.3.jar;C:\Users\Viktorija\.m2\repository\org\seleniumhq\selenium\selenium-chrome-driver\4.8.3\selenium-chrome-driver-4.8.3.jar;C:\Users\Viktorija\.m2\repository\com\google\auto\service\auto-service-annotations\1.0.1\auto-service-annotations-1.0.1.jar;C:\Users\Viktorija\.m2\repository\com\google\auto\service\auto-service\1.0.1\auto-service-1.0.1.jar;C:\Users\Viktorija\.m2\repository\com\google\auto\auto-common\1.2\auto-common-1.2.jar;C:\Users\Viktorija\.m2\repository\com\google\guava\guava\31.1-jre\guava-31.1-jre.jar;C:\Users\Viktorija\.m2\repository\com\google\guava\failureaccess\1.0.1\failureaccess-1.0.1.jar;C:\Users\Viktorija\.m2\repository\com\google\guava\listenablefuture\9999.0-empty-to-avoid-conflict-with-guava\listenablefuture-9999.0-empty-to-avoid-conflict-with-guava.jar;C:\Users\Viktorija\.m2\repository\com\google\code\findbugs\jsr305\3.0.2\jsr305-3.0.2.jar;C:\Users\Viktorija\.m2\repository\com\google\errorprone\error_prone_annotations\2.11.0\error_prone_annotations-2.11.0.jar;C:\Users\Viktorija\.m2\repository\com\google\j2objc\j2objc-annotations\1.3\j2objc-annotations-1.3.jar;C:\Users\Viktorija\.m2\repository\org\seleniumhq\selenium\selenium-chromium-driver\4.8.3\selenium-chromium-driver-4.8.3.jar;C:\Users\Viktorija\.m2\repository\org\seleniumhq\selenium\selenium-json\4.8.3\selenium-json-4.8.3.jar;C:\Users\Viktorija\.m2\repository\org\seleniumhq\selenium\selenium-manager\4.8.3\selenium-manager-4.8.3.jar;C:\Users\Viktorija\.m2\repository\org\seleniumhq\selenium\selenium-devtools-v109\4.8.3\selenium-devtools-v109-4.8.3.jar;C:\Users\Viktorija\.m2\repository\org\seleniumhq\selenium\selenium-devtools-v110\4.8.3\selenium-devtools-v110-4.8.3.jar;C:\Users\Viktorija\.m2\repository\org\seleniumhq\selenium\selenium-devtools-v111\4.8.3\selenium-devtools-v111-4.8.3.jar;C:\Users\Viktorija\.m2\repository\org\seleniumhq\selenium\selenium-devtools-v85\4.8.3\selenium-devtools-v85-4.8.3.jar;C:\Users\Viktorija\.m2\repository\org\seleniumhq\selenium\selenium-edge-driver\4.8.3\selenium-edge-driver-4.8.3.jar;C:\Users\Viktorija\.m2\repository\org\seleniumhq\selenium\selenium-firefox-driver\4.8.3\selenium-firefox-driver-4.8.3.jar;C:\Users\Viktorija\.m2\repository\org\seleniumhq\selenium\selenium-http\4.8.3\selenium-http-4.8.3.jar;C:\Users\Viktorija\.m2\repository\dev\failsafe\failsafe\3.3.1\failsafe-3.3.1.jar;C:\Users\Viktorija\.m2\repository\org\seleniumhq\selenium\selenium-ie-driver\4.8.3\selenium-ie-driver-4.8.3.jar;C:\Users\Viktorija\.m2\repository\org\seleniumhq\selenium\selenium-remote-driver\4.8.3\selenium-remote-driver-4.8.3.jar;C:\Users\Viktorija\.m2\repository\com\beust\jcommander\1.82\jcommander-1.82.jar;C:\Users\Viktorija\.m2\repository\io\netty\netty-buffer\4.1.100.Final\netty-buffer-4.1.100.Final.jar;C:\Users\Viktorija\.m2\repository\io\netty\netty-codec-http\4.1.100.Final\netty-codec-http-4.1.100.Final.jar;C:\Users\Viktorija\.m2\repository\io\netty\netty-codec\4.1.100.Final\netty-codec-4.1.100.Final.jar;C:\Users\Viktorija\.m2\repository\io\netty\netty-handler\4.1.100.Final\netty-handler-4.1.100.Final.jar;C:\Users\Viktorija\.m2\repository\io\netty\netty-common\4.1.100.Final\netty-common-4.1.100.Final.jar;C:\Users\Viktorija\.m2\repository\io\netty\netty-transport-classes-epoll\4.1.100.Final\netty-transport-classes-epoll-4.1.100.Final.jar;C:\Users\Viktorija\.m2\repository\io\netty\netty-transport-classes-kqueue\4.1.100.Final\netty-transport-classes-kqueue-4.1.100.Final.jar;C:\Users\Viktorija\.m2\repository\io\netty\netty-transport-native-epoll\4.1.100.Final\netty-transport-native-epoll-4.1.100.Final.jar;C:\Users\Viktorija\.m2\repository\io\netty\netty-transport-native-kqueue\4.1.100.Final\netty-transport-native-kqueue-4.1.100.Final.jar;C:\Users\Viktorija\.m2\repository\io\netty\netty-transport-native-unix-common\4.1.100.Final\netty-transport-native-unix-common-4.1.100.Final.jar;C:\Users\Viktorija\.m2\repository\io\netty\netty-transport\4.1.100.Final\netty-transport-4.1.100.Final.jar;C:\Users\Viktorija\.m2\repository\io\netty\netty-resolver\4.1.100.Final\netty-resolver-4.1.100.Final.jar;C:\Users\Viktorija\.m2\repository\io\opentelemetry\opentelemetry-api\1.25.0\opentelemetry-api-1.25.0.jar;C:\Users\Viktorija\.m2\repository\io\opentelemetry\opentelemetry-context\1.25.0\opentelemetry-context-1.25.0.jar;C:\Users\Viktorija\.m2\repository\io\opentelemetry\opentelemetry-exporter-logging\1.25.0\opentelemetry-exporter-logging-1.25.0.jar;C:\Users\Viktorija\.m2\repository\io\opentelemetry\opentelemetry-sdk-metrics\1.25.0\opentelemetry-sdk-metrics-1.25.0.jar;C:\Users\Viktorija\.m2\repository\io\opentelemetry\opentelemetry-sdk-logs\1.25.0-alpha\opentelemetry-sdk-logs-1.25.0-alpha.jar;C:\Users\Viktorija\.m2\repository\io\opentelemetry\opentelemetry-api-logs\1.25.0-alpha\opentelemetry-api-logs-1.25.0-alpha.jar;C:\Users\Viktorija\.m2\repository\io\opentelemetry\opentelemetry-api-events\1.25.0-alpha\opentelemetry-api-events-1.25.0-alpha.jar;C:\Users\Viktorija\.m2\repository\io\opentelemetry\opentelemetry-sdk-common\1.25.0\opentelemetry-sdk-common-1.25.0.jar;C:\Users\Viktorija\.m2\repository\io\opentelemetry\opentelemetry-sdk-extension-autoconfigure-spi\1.25.0\opentelemetry-sdk-extension-autoconfigure-spi-1.25.0.jar;C:\Users\Viktorija\.m2\repository\io\opentelemetry\opentelemetry-sdk-extension-autoconfigure\1.24.0-alpha\opentelemetry-sdk-extension-autoconfigure-1.24.0-alpha.jar;C:\Users\Viktorija\.m2\repository\io\opentelemetry\opentelemetry-sdk-trace\1.25.0\opentelemetry-sdk-trace-1.25.0.jar;C:\Users\Viktorija\.m2\repository\io\opentelemetry\opentelemetry-sdk\1.25.0\opentelemetry-sdk-1.25.0.jar;C:\Users\Viktorija\.m2\repository\io\opentelemetry\opentelemetry-semconv\1.24.0-alpha\opentelemetry-semconv-1.24.0-alpha.jar;C:\Users\Viktorija\.m2\repository\io\ous\jtoml\2.0.0\jtoml-2.0.0.jar;C:\Users\Viktorija\.m2\repository\org\apache\commons\commons-exec\1.3\commons-exec-1.3.jar;C:\Users\Viktorija\.m2\repository\org\asynchttpclient\async-http-client\2.12.3\async-http-client-2.12.3.jar;C:\Users\Viktorija\.m2\repository\org\asynchttpclient\async-http-client-netty-utils\2.12.3\async-http-client-netty-utils-2.12.3.jar;C:\Users\Viktorija\.m2\repository\io\netty\netty-codec-socks\4.1.100.Final\netty-codec-socks-4.1.100.Final.jar;C:\Users\Viktorija\.m2\repository\io\netty\netty-handler-proxy\4.1.100.Final\netty-handler-proxy-4.1.100.Final.jar;C:\Users\Viktorija\.m2\repository\io\netty\netty-transport-native-epoll\4.1.100.Final\netty-transport-native-epoll-4.1.100.Final-linux-x86_64.jar;C:\Users\Viktorija\.m2\repository\io\netty\netty-transport-native-kqueue\4.1.100.Final\netty-transport-native-kqueue-4.1.100.Final-osx-x86_64.jar;C:\Users\Viktorija\.m2\repository\org\reactivestreams\reactive-streams\1.0.4\reactive-streams-1.0.4.jar;C:\Users\Viktorija\.m2\repository\com\typesafe\netty\netty-reactive-streams\2.0.4\netty-reactive-streams-2.0.4.jar;C:\Users\Viktorija\.m2\repository\com\sun\activation\jakarta.activation\1.2.2\jakarta.activation-1.2.2.jar;C:\Users\Viktorija\.m2\repository\org\seleniumhq\selenium\selenium-safari-driver\4.8.3\selenium-safari-driver-4.8.3.jar;C:\Users\Viktorija\.m2\repository\org\seleniumhq\selenium\selenium-support\4.8.3\selenium-support-4.8.3.jar;C:\Users\Viktorija\.m2\repository\org\seleniumhq\selenium\htmlunit-driver\4.8.3\htmlunit-driver-4.8.3.jar;C:\Users\Viktorija\.m2\repository\net\sourceforge\htmlunit\htmlunit\2.70.0\htmlunit-2.70.0.jar;C:\Users\Viktorija\.m2\repository\org\apache\httpcomponents\httpmime\4.5.14\httpmime-4.5.14.jar;C:\Users\Viktorija\.m2\repository\org\apache\httpcomponents\httpclient\4.5.14\httpclient-4.5.14.jar;C:\Users\Viktorija\.m2\repository\org\apache\httpcomponents\httpcore\4.4.16\httpcore-4.4.16.jar;C:\Users\Viktorija\.m2\repository\net\sourceforge\htmlunit\htmlunit-core-js\2.70.0\htmlunit-core-js-2.70.0.jar;C:\Users\Viktorija\.m2\repository\net\sourceforge\htmlunit\neko-htmlunit\2.70.0\neko-htmlunit-2.70.0.jar;C:\Users\Viktorija\.m2\repository\net\sourceforge\htmlunit\htmlunit-cssparser\1.14.0\htmlunit-cssparser-1.14.0.jar;C:\Users\Viktorija\.m2\repository\net\sourceforge\htmlunit\htmlunit-xpath\2.70.0\htmlunit-xpath-2.70.0.jar;C:\Users\Viktorija\.m2\repository\org\apache\commons\commons-lang3\3.12.0\commons-lang3-3.12.0.jar;C:\Users\Viktorija\.m2\repository\org\apache\commons\commons-text\1.10.0\commons-text-1.10.0.jar;C:\Users\Viktorija\.m2\repository\commons-io\commons-io\2.10.0\commons-io-2.10.0.jar;C:\Users\Viktorija\.m2\repository\commons-net\commons-net\3.9.0\commons-net-3.9.0.jar;C:\Users\Viktorija\.m2\repository\commons-codec\commons-codec\1.15\commons-codec-1.15.jar;C:\Users\Viktorija\.m2\repository\org\brotli\dec\0.1.2\dec-0.1.2.jar;C:\Users\Viktorija\.m2\repository\com\shapesecurity\salvation2\3.0.1\salvation2-3.0.1.jar;C:\Users\Viktorija\.m2\repository\org\eclipse\jetty\websocket\websocket-client\9.4.50.v20221201\websocket-client-9.4.50.v20221201.jar;C:\Users\Viktorija\.m2\repository\org\eclipse\jetty\jetty-client\11.0.17\jetty-client-11.0.17.jar;C:\Users\Viktorija\.m2\repository\org\eclipse\jetty\jetty-http\11.0.17\jetty-http-11.0.17.jar;C:\Users\Viktorija\.m2\repository\org\eclipse\jetty\jetty-alpn-client\11.0.17\jetty-alpn-client-11.0.17.jar;C:\Users\Viktorija\.m2\repository\org\eclipse\jetty\jetty-util\11.0.17\jetty-util-11.0.17.jar;C:\Users\Viktorija\.m2\repository\org\eclipse\jetty\jetty-io\11.0.17\jetty-io-11.0.17.jar;C:\Users\Viktorija\.m2\repository\org\eclipse\jetty\websocket\websocket-common\9.4.50.v20221201\websocket-common-9.4.50.v20221201.jar;C:\Users\Viktorija\.m2\repository\org\eclipse\jetty\websocket\websocket-api\9.4.50.v20221201\websocket-api-9.4.50.v20221201.jar;"/>
    <property name="java.vm.vendor" value="Oracle Corporation"/>
    <property name="sun.arch.data.model" value="64"/>
    <property name="user.variant" value=""/>
    <property name="catalina.useNaming" value="false"/>
    <property name="java.vendor.url" value="https://java.oracle.com/"/>
    <property name="user.timezone" value="Europe/Skopje"/>
    <property name="org.jboss.logging.provider" value="slf4j"/>
    <property name="os.name" value="Windows 11"/>
    <property name="java.vm.specification.version" value="19"/>
    <property name="sun.java.launcher" value="SUN_STANDARD"/>
    <property name="user.country" value="AU"/>
    <property name="sun.boot.library.path" value="C:\Users\Viktorija\.jdks\openjdk-19.0.1\bin"/>
    <property name="sun.java.command" value="C:\Users\Viktorija\AppData\Local\Temp\surefire8431709329393641405\surefirebooter-20240616192105972_3.jar C:\Users\Viktorija\AppData\Local\Temp\surefire8431709329393641405 2024-06-16T19-21-05_633-jvmRun1 surefire-20240616192105972_1tmp surefire_0-20240616192105972_2tmp"/>
    <property name="jdk.debug" value="release"/>
    <property name="surefire.test.class.path" value="C:\Users\Viktorija\KIII_Project_213045\target\test-classes;C:\Users\Viktorija\KIII_Project_213045\target\classes;C:\Users\Viktorija\.m2\repository\org\springframework\boot\spring-boot-starter-thymeleaf\3.1.5\spring-boot-starter-thymeleaf-3.1.5.jar;C:\Users\Viktorija\.m2\repository\org\springframework\boot\spring-boot-starter\3.1.5\spring-boot-starter-3.1.5.jar;C:\Users\Viktorija\.m2\repository\org\springframework\boot\spring-boot\3.1.5\spring-boot-3.1.5.jar;C:\Users\Viktorija\.m2\repository\org\springframework\boot\spring-boot-autoconfigure\3.1.5\spring-boot-autoconfigure-3.1.5.jar;C:\Users\Viktorija\.m2\repository\org\springframework\boot\spring-boot-starter-logging\3.1.5\spring-boot-starter-logging-3.1.5.jar;C:\Users\Viktorija\.m2\repository\ch\qos\logback\logback-classic\1.4.11\logback-classic-1.4.11.jar;C:\Users\Viktorija\.m2\repository\ch\qos\logback\logback-core\1.4.11\logback-core-1.4.11.jar;C:\Users\Viktorija\.m2\repository\org\apache\logging\log4j\log4j-to-slf4j\2.20.0\log4j-to-slf4j-2.20.0.jar;C:\Users\Viktorija\.m2\repository\org\apache\logging\log4j\log4j-api\2.20.0\log4j-api-2.20.0.jar;C:\Users\Viktorija\.m2\repository\org\slf4j\jul-to-slf4j\2.0.9\jul-to-slf4j-2.0.9.jar;C:\Users\Viktorija\.m2\repository\jakarta\annotation\jakarta.annotation-api\2.1.1\jakarta.annotation-api-2.1.1.jar;C:\Users\Viktorija\.m2\repository\org\yaml\snakeyaml\1.33\snakeyaml-1.33.jar;C:\Users\Viktorija\.m2\repository\org\thymeleaf\thymeleaf-spring6\3.1.2.RELEASE\thymeleaf-spring6-3.1.2.RELEASE.jar;C:\Users\Viktorija\.m2\repository\org\thymeleaf\thymeleaf\3.1.2.RELEASE\thymeleaf-3.1.2.RELEASE.jar;C:\Users\Viktorija\.m2\repository\org\attoparser\attoparser\2.0.7.RELEASE\attoparser-2.0.7.RELEASE.jar;C:\Users\Viktorija\.m2\repository\org\unbescape\unbescape\1.1.6.RELEASE\unbescape-1.1.6.RELEASE.jar;C:\Users\Viktorija\.m2\repository\org\springframework\boot\spring-boot-starter-web\3.1.5\spring-boot-starter-web-3.1.5.jar;C:\Users\Viktorija\.m2\repository\org\springframework\boot\spring-boot-starter-json\3.1.5\spring-boot-starter-json-3.1.5.jar;C:\Users\Viktorija\.m2\repository\com\fasterxml\jackson\core\jackson-databind\2.15.3\jackson-databind-2.15.3.jar;C:\Users\Viktorija\.m2\repository\com\fasterxml\jackson\core\jackson-annotations\2.15.3\jackson-annotations-2.15.3.jar;C:\Users\Viktorija\.m2\repository\com\fasterxml\jackson\core\jackson-core\2.15.3\jackson-core-2.15.3.jar;C:\Users\Viktorija\.m2\repository\com\fasterxml\jackson\datatype\jackson-datatype-jdk8\2.15.3\jackson-datatype-jdk8-2.15.3.jar;C:\Users\Viktorija\.m2\repository\com\fasterxml\jackson\datatype\jackson-datatype-jsr310\2.15.3\jackson-datatype-jsr310-2.15.3.jar;C:\Users\Viktorija\.m2\repository\com\fasterxml\jackson\module\jackson-module-parameter-names\2.15.3\jackson-module-parameter-names-2.15.3.jar;C:\Users\Viktorija\.m2\repository\org\springframework\boot\spring-boot-starter-tomcat\3.1.5\spring-boot-starter-tomcat-3.1.5.jar;C:\Users\Viktorija\.m2\repository\org\apache\tomcat\embed\tomcat-embed-core\10.1.15\tomcat-embed-core-10.1.15.jar;C:\Users\Viktorija\.m2\repository\org\apache\tomcat\embed\tomcat-embed-el\10.1.15\tomcat-embed-el-10.1.15.jar;C:\Users\Viktorija\.m2\repository\org\apache\tomcat\embed\tomcat-embed-websocket\10.1.15\tomcat-embed-websocket-10.1.15.jar;C:\Users\Viktorija\.m2\repository\org\springframework\spring-web\6.0.13\spring-web-6.0.13.jar;C:\Users\Viktorija\.m2\repository\org\springframework\spring-beans\6.0.13\spring-beans-6.0.13.jar;C:\Users\Viktorija\.m2\repository\io\micrometer\micrometer-observation\1.11.5\micrometer-observation-1.11.5.jar;C:\Users\Viktorija\.m2\repository\io\micrometer\micrometer-commons\1.11.5\micrometer-commons-1.11.5.jar;C:\Users\Viktorija\.m2\repository\org\springframework\spring-webmvc\6.0.13\spring-webmvc-6.0.13.jar;C:\Users\Viktorija\.m2\repository\org\springframework\spring-context\6.0.13\spring-context-6.0.13.jar;C:\Users\Viktorija\.m2\repository\org\springframework\spring-expression\6.0.13\spring-expression-6.0.13.jar;C:\Users\Viktorija\.m2\repository\org\springframework\boot\spring-boot-starter-data-jpa\3.1.5\spring-boot-starter-data-jpa-3.1.5.jar;C:\Users\Viktorija\.m2\repository\org\springframework\boot\spring-boot-starter-aop\3.1.5\spring-boot-starter-aop-3.1.5.jar;C:\Users\Viktorija\.m2\repository\org\aspectj\aspectjweaver\1.9.20\aspectjweaver-1.9.20.jar;C:\Users\Viktorija\.m2\repository\org\springframework\boot\spring-boot-starter-jdbc\3.1.5\spring-boot-starter-jdbc-3.1.5.jar;C:\Users\Viktorija\.m2\repository\com\zaxxer\HikariCP\5.0.1\HikariCP-5.0.1.jar;C:\Users\Viktorija\.m2\repository\org\springframework\spring-jdbc\6.0.13\spring-jdbc-6.0.13.jar;C:\Users\Viktorija\.m2\repository\org\hibernate\orm\hibernate-core\6.2.13.Final\hibernate-core-6.2.13.Final.jar;C:\Users\Viktorija\.m2\repository\jakarta\persistence\jakarta.persistence-api\3.1.0\jakarta.persistence-api-3.1.0.jar;C:\Users\Viktorija\.m2\repository\jakarta\transaction\jakarta.transaction-api\2.0.1\jakarta.transaction-api-2.0.1.jar;C:\Users\Viktorija\.m2\repository\org\jboss\logging\jboss-logging\3.5.3.Final\jboss-logging-3.5.3.Final.jar;C:\Users\Viktorija\.m2\repository\org\hibernate\common\hibernate-commons-annotations\6.0.6.Final\hibernate-commons-annotations-6.0.6.Final.jar;C:\Users\Viktorija\.m2\repository\io\smallrye\jandex\3.0.5\jandex-3.0.5.jar;C:\Users\Viktorija\.m2\repository\com\fasterxml\classmate\1.5.1\classmate-1.5.1.jar;C:\Users\Viktorija\.m2\repository\net\bytebuddy\byte-buddy\1.14.9\byte-buddy-1.14.9.jar;C:\Users\Viktorija\.m2\repository\org\glassfish\jaxb\jaxb-runtime\4.0.3\jaxb-runtime-4.0.3.jar;C:\Users\Viktorija\.m2\repository\org\glassfish\jaxb\jaxb-core\4.0.3\jaxb-core-4.0.3.jar;C:\Users\Viktorija\.m2\repository\org\eclipse\angus\angus-activation\2.0.1\angus-activation-2.0.1.jar;C:\Users\Viktorija\.m2\repository\org\glassfish\jaxb\txw2\4.0.3\txw2-4.0.3.jar;C:\Users\Viktorija\.m2\repository\com\sun\istack\istack-commons-runtime\4.1.2\istack-commons-runtime-4.1.2.jar;C:\Users\Viktorija\.m2\repository\jakarta\inject\jakarta.inject-api\2.0.1\jakarta.inject-api-2.0.1.jar;C:\Users\Viktorija\.m2\repository\org\antlr\antlr4-runtime\4.10.1\antlr4-runtime-4.10.1.jar;C:\Users\Viktorija\.m2\repository\org\springframework\data\spring-data-jpa\3.1.5\spring-data-jpa-3.1.5.jar;C:\Users\Viktorija\.m2\repository\org\springframework\data\spring-data-commons\3.1.5\spring-data-commons-3.1.5.jar;C:\Users\Viktorija\.m2\repository\org\springframework\spring-orm\6.0.13\spring-orm-6.0.13.jar;C:\Users\Viktorija\.m2\repository\org\springframework\spring-tx\6.0.13\spring-tx-6.0.13.jar;C:\Users\Viktorija\.m2\repository\org\springframework\spring-aspects\6.0.13\spring-aspects-6.0.13.jar;C:\Users\Viktorija\.m2\repository\org\projectlombok\lombok\1.18.30\lombok-1.18.30.jar;C:\Users\Viktorija\.m2\repository\com\h2database\h2\2.1.214\h2-2.1.214.jar;C:\Users\Viktorija\.m2\repository\org\postgresql\postgresql\42.6.0\postgresql-42.6.0.jar;C:\Users\Viktorija\.m2\repository\org\checkerframework\checker-qual\3.31.0\checker-qual-3.31.0.jar;C:\Users\Viktorija\.m2\repository\org\springframework\boot\spring-boot-starter-test\3.2.1\spring-boot-starter-test-3.2.1.jar;C:\Users\Viktorija\.m2\repository\org\springframework\boot\spring-boot-test\3.1.5\spring-boot-test-3.1.5.jar;C:\Users\Viktorija\.m2\repository\org\springframework\boot\spring-boot-test-autoconfigure\3.1.5\spring-boot-test-autoconfigure-3.1.5.jar;C:\Users\Viktorija\.m2\repository\com\jayway\jsonpath\json-path\2.8.0\json-path-2.8.0.jar;C:\Users\Viktorija\.m2\repository\jakarta\xml\bind\jakarta.xml.bind-api\4.0.1\jakarta.xml.bind-api-4.0.1.jar;C:\Users\Viktorija\.m2\repository\jakarta\activation\jakarta.activation-api\2.1.2\jakarta.activation-api-2.1.2.jar;C:\Users\Viktorija\.m2\repository\net\minidev\json-smart\2.4.11\json-smart-2.4.11.jar;C:\Users\Viktorija\.m2\repository\net\minidev\accessors-smart\2.4.11\accessors-smart-2.4.11.jar;C:\Users\Viktorija\.m2\repository\org\ow2\asm\asm\9.3\asm-9.3.jar;C:\Users\Viktorija\.m2\repository\org\assertj\assertj-core\3.24.2\assertj-core-3.24.2.jar;C:\Users\Viktorija\.m2\repository\org\awaitility\awaitility\4.2.0\awaitility-4.2.0.jar;C:\Users\Viktorija\.m2\repository\org\hamcrest\hamcrest\2.2\hamcrest-2.2.jar;C:\Users\Viktorija\.m2\repository\org\junit\jupiter\junit-jupiter\5.9.3\junit-jupiter-5.9.3.jar;C:\Users\Viktorija\.m2\repository\org\junit\jupiter\junit-jupiter-api\5.9.3\junit-jupiter-api-5.9.3.jar;C:\Users\Viktorija\.m2\repository\org\opentest4j\opentest4j\1.2.0\opentest4j-1.2.0.jar;C:\Users\Viktorija\.m2\repository\org\junit\platform\junit-platform-commons\1.9.3\junit-platform-commons-1.9.3.jar;C:\Users\Viktorija\.m2\repository\org\apiguardian\apiguardian-api\1.1.2\apiguardian-api-1.1.2.jar;C:\Users\Viktorija\.m2\repository\org\junit\jupiter\junit-jupiter-params\5.9.3\junit-jupiter-params-5.9.3.jar;C:\Users\Viktorija\.m2\repository\org\junit\jupiter\junit-jupiter-engine\5.9.3\junit-jupiter-engine-5.9.3.jar;C:\Users\Viktorija\.m2\repository\org\junit\platform\junit-platform-engine\1.9.3\junit-platform-engine-1.9.3.jar;C:\Users\Viktorija\.m2\repository\org\mockito\mockito-core\5.3.1\mockito-core-5.3.1.jar;C:\Users\Viktorija\.m2\repository\net\bytebuddy\byte-buddy-agent\1.14.9\byte-buddy-agent-1.14.9.jar;C:\Users\Viktorija\.m2\repository\org\objenesis\objenesis\3.3\objenesis-3.3.jar;C:\Users\Viktorija\.m2\repository\org\mockito\mockito-junit-jupiter\5.3.1\mockito-junit-jupiter-5.3.1.jar;C:\Users\Viktorija\.m2\repository\org\skyscreamer\jsonassert\1.5.1\jsonassert-1.5.1.jar;C:\Users\Viktorija\.m2\repository\com\vaadin\external\google\android-json\0.0.20131108.vaadin1\android-json-0.0.20131108.vaadin1.jar;C:\Users\Viktorija\.m2\repository\org\springframework\spring-core\6.0.13\spring-core-6.0.13.jar;C:\Users\Viktorija\.m2\repository\org\springframework\spring-jcl\6.0.13\spring-jcl-6.0.13.jar;C:\Users\Viktorija\.m2\repository\org\springframework\spring-test\6.0.13\spring-test-6.0.13.jar;C:\Users\Viktorija\.m2\repository\org\xmlunit\xmlunit-core\2.9.1\xmlunit-core-2.9.1.jar;C:\Users\Viktorija\.m2\repository\org\springframework\boot\spring-boot-starter-security\3.1.5\spring-boot-starter-security-3.1.5.jar;C:\Users\Viktorija\.m2\repository\org\springframework\spring-aop\6.0.13\spring-aop-6.0.13.jar;C:\Users\Viktorija\.m2\repository\org\springframework\security\spring-security-config\6.1.5\spring-security-config-6.1.5.jar;C:\Users\Viktorija\.m2\repository\org\springframework\security\spring-security-web\6.1.5\spring-security-web-6.1.5.jar;C:\Users\Viktorija\.m2\repository\org\thymeleaf\extras\thymeleaf-extras-springsecurity6\3.1.1.RELEASE\thymeleaf-extras-springsecurity6-3.1.1.RELEASE.jar;C:\Users\Viktorija\.m2\repository\org\slf4j\slf4j-api\2.0.9\slf4j-api-2.0.9.jar;C:\Users\Viktorija\.m2\repository\org\springframework\security\spring-security-test\6.1.5\spring-security-test-6.1.5.jar;C:\Users\Viktorija\.m2\repository\org\springframework\security\spring-security-core\6.1.5\spring-security-core-6.1.5.jar;C:\Users\Viktorija\.m2\repository\org\springframework\security\spring-security-crypto\6.1.5\spring-security-crypto-6.1.5.jar;C:\Users\Viktorija\.m2\repository\junit\junit\4.13.2\junit-4.13.2.jar;C:\Users\Viktorija\.m2\repository\org\hamcrest\hamcrest-core\2.2\hamcrest-core-2.2.jar;C:\Users\Viktorija\.m2\repository\org\mockito\mockito-all\1.9.5\mockito-all-1.9.5.jar;C:\Users\Viktorija\.m2\repository\org\seleniumhq\selenium\selenium-java\4.8.3\selenium-java-4.8.3.jar;C:\Users\Viktorija\.m2\repository\org\seleniumhq\selenium\selenium-api\4.8.3\selenium-api-4.8.3.jar;C:\Users\Viktorija\.m2\repository\org\seleniumhq\selenium\selenium-chrome-driver\4.8.3\selenium-chrome-driver-4.8.3.jar;C:\Users\Viktorija\.m2\repository\com\google\auto\service\auto-service-annotations\1.0.1\auto-service-annotations-1.0.1.jar;C:\Users\Viktorija\.m2\repository\com\google\auto\service\auto-service\1.0.1\auto-service-1.0.1.jar;C:\Users\Viktorija\.m2\repository\com\google\auto\auto-common\1.2\auto-common-1.2.jar;C:\Users\Viktorija\.m2\repository\com\google\guava\guava\31.1-jre\guava-31.1-jre.jar;C:\Users\Viktorija\.m2\repository\com\google\guava\failureaccess\1.0.1\failureaccess-1.0.1.jar;C:\Users\Viktorija\.m2\repository\com\google\guava\listenablefuture\9999.0-empty-to-avoid-conflict-with-guava\listenablefuture-9999.0-empty-to-avoid-conflict-with-guava.jar;C:\Users\Viktorija\.m2\repository\com\google\code\findbugs\jsr305\3.0.2\jsr305-3.0.2.jar;C:\Users\Viktorija\.m2\repository\com\google\errorprone\error_prone_annotations\2.11.0\error_prone_annotations-2.11.0.jar;C:\Users\Viktorija\.m2\repository\com\google\j2objc\j2objc-annotations\1.3\j2objc-annotations-1.3.jar;C:\Users\Viktorija\.m2\repository\org\seleniumhq\selenium\selenium-chromium-driver\4.8.3\selenium-chromium-driver-4.8.3.jar;C:\Users\Viktorija\.m2\repository\org\seleniumhq\selenium\selenium-json\4.8.3\selenium-json-4.8.3.jar;C:\Users\Viktorija\.m2\repository\org\seleniumhq\selenium\selenium-manager\4.8.3\selenium-manager-4.8.3.jar;C:\Users\Viktorija\.m2\repository\org\seleniumhq\selenium\selenium-devtools-v109\4.8.3\selenium-devtools-v109-4.8.3.jar;C:\Users\Viktorija\.m2\repository\org\seleniumhq\selenium\selenium-devtools-v110\4.8.3\selenium-devtools-v110-4.8.3.jar;C:\Users\Viktorija\.m2\repository\org\seleniumhq\selenium\selenium-devtools-v111\4.8.3\selenium-devtools-v111-4.8.3.jar;C:\Users\Viktorija\.m2\repository\org\seleniumhq\selenium\selenium-devtools-v85\4.8.3\selenium-devtools-v85-4.8.3.jar;C:\Users\Viktorija\.m2\repository\org\seleniumhq\selenium\selenium-edge-driver\4.8.3\selenium-edge-driver-4.8.3.jar;C:\Users\Viktorija\.m2\repository\org\seleniumhq\selenium\selenium-firefox-driver\4.8.3\selenium-firefox-driver-4.8.3.jar;C:\Users\Viktorija\.m2\repository\org\seleniumhq\selenium\selenium-http\4.8.3\selenium-http-4.8.3.jar;C:\Users\Viktorija\.m2\repository\dev\failsafe\failsafe\3.3.1\failsafe-3.3.1.jar;C:\Users\Viktorija\.m2\repository\org\seleniumhq\selenium\selenium-ie-driver\4.8.3\selenium-ie-driver-4.8.3.jar;C:\Users\Viktorija\.m2\repository\org\seleniumhq\selenium\selenium-remote-driver\4.8.3\selenium-remote-driver-4.8.3.jar;C:\Users\Viktorija\.m2\repository\com\beust\jcommander\1.82\jcommander-1.82.jar;C:\Users\Viktorija\.m2\repository\io\netty\netty-buffer\4.1.100.Final\netty-buffer-4.1.100.Final.jar;C:\Users\Viktorija\.m2\repository\io\netty\netty-codec-http\4.1.100.Final\netty-codec-http-4.1.100.Final.jar;C:\Users\Viktorija\.m2\repository\io\netty\netty-codec\4.1.100.Final\netty-codec-4.1.100.Final.jar;C:\Users\Viktorija\.m2\repository\io\netty\netty-handler\4.1.100.Final\netty-handler-4.1.100.Final.jar;C:\Users\Viktorija\.m2\repository\io\netty\netty-common\4.1.100.Final\netty-common-4.1.100.Final.jar;C:\Users\Viktorija\.m2\repository\io\netty\netty-transport-classes-epoll\4.1.100.Final\netty-transport-classes-epoll-4.1.100.Final.jar;C:\Users\Viktorija\.m2\repository\io\netty\netty-transport-classes-kqueue\4.1.100.Final\netty-transport-classes-kqueue-4.1.100.Final.jar;C:\Users\Viktorija\.m2\repository\io\netty\netty-transport-native-epoll\4.1.100.Final\netty-transport-native-epoll-4.1.100.Final.jar;C:\Users\Viktorija\.m2\repository\io\netty\netty-transport-native-kqueue\4.1.100.Final\netty-transport-native-kqueue-4.1.100.Final.jar;C:\Users\Viktorija\.m2\repository\io\netty\netty-transport-native-unix-common\4.1.100.Final\netty-transport-native-unix-common-4.1.100.Final.jar;C:\Users\Viktorija\.m2\repository\io\netty\netty-transport\4.1.100.Final\netty-transport-4.1.100.Final.jar;C:\Users\Viktorija\.m2\repository\io\netty\netty-resolver\4.1.100.Final\netty-resolver-4.1.100.Final.jar;C:\Users\Viktorija\.m2\repository\io\opentelemetry\opentelemetry-api\1.25.0\opentelemetry-api-1.25.0.jar;C:\Users\Viktorija\.m2\repository\io\opentelemetry\opentelemetry-context\1.25.0\opentelemetry-context-1.25.0.jar;C:\Users\Viktorija\.m2\repository\io\opentelemetry\opentelemetry-exporter-logging\1.25.0\opentelemetry-exporter-logging-1.25.0.jar;C:\Users\Viktorija\.m2\repository\io\opentelemetry\opentelemetry-sdk-metrics\1.25.0\opentelemetry-sdk-metrics-1.25.0.jar;C:\Users\Viktorija\.m2\repository\io\opentelemetry\opentelemetry-sdk-logs\1.25.0-alpha\opentelemetry-sdk-logs-1.25.0-alpha.jar;C:\Users\Viktorija\.m2\repository\io\opentelemetry\opentelemetry-api-logs\1.25.0-alpha\opentelemetry-api-logs-1.25.0-alpha.jar;C:\Users\Viktorija\.m2\repository\io\opentelemetry\opentelemetry-api-events\1.25.0-alpha\opentelemetry-api-events-1.25.0-alpha.jar;C:\Users\Viktorija\.m2\repository\io\opentelemetry\opentelemetry-sdk-common\1.25.0\opentelemetry-sdk-common-1.25.0.jar;C:\Users\Viktorija\.m2\repository\io\opentelemetry\opentelemetry-sdk-extension-autoconfigure-spi\1.25.0\opentelemetry-sdk-extension-autoconfigure-spi-1.25.0.jar;C:\Users\Viktorija\.m2\repository\io\opentelemetry\opentelemetry-sdk-extension-autoconfigure\1.24.0-alpha\opentelemetry-sdk-extension-autoconfigure-1.24.0-alpha.jar;C:\Users\Viktorija\.m2\repository\io\opentelemetry\opentelemetry-sdk-trace\1.25.0\opentelemetry-sdk-trace-1.25.0.jar;C:\Users\Viktorija\.m2\repository\io\opentelemetry\opentelemetry-sdk\1.25.0\opentelemetry-sdk-1.25.0.jar;C:\Users\Viktorija\.m2\repository\io\opentelemetry\opentelemetry-semconv\1.24.0-alpha\opentelemetry-semconv-1.24.0-alpha.jar;C:\Users\Viktorija\.m2\repository\io\ous\jtoml\2.0.0\jtoml-2.0.0.jar;C:\Users\Viktorija\.m2\repository\org\apache\commons\commons-exec\1.3\commons-exec-1.3.jar;C:\Users\Viktorija\.m2\repository\org\asynchttpclient\async-http-client\2.12.3\async-http-client-2.12.3.jar;C:\Users\Viktorija\.m2\repository\org\asynchttpclient\async-http-client-netty-utils\2.12.3\async-http-client-netty-utils-2.12.3.jar;C:\Users\Viktorija\.m2\repository\io\netty\netty-codec-socks\4.1.100.Final\netty-codec-socks-4.1.100.Final.jar;C:\Users\Viktorija\.m2\repository\io\netty\netty-handler-proxy\4.1.100.Final\netty-handler-proxy-4.1.100.Final.jar;C:\Users\Viktorija\.m2\repository\io\netty\netty-transport-native-epoll\4.1.100.Final\netty-transport-native-epoll-4.1.100.Final-linux-x86_64.jar;C:\Users\Viktorija\.m2\repository\io\netty\netty-transport-native-kqueue\4.1.100.Final\netty-transport-native-kqueue-4.1.100.Final-osx-x86_64.jar;C:\Users\Viktorija\.m2\repository\org\reactivestreams\reactive-streams\1.0.4\reactive-streams-1.0.4.jar;C:\Users\Viktorija\.m2\repository\com\typesafe\netty\netty-reactive-streams\2.0.4\netty-reactive-streams-2.0.4.jar;C:\Users\Viktorija\.m2\repository\com\sun\activation\jakarta.activation\1.2.2\jakarta.activation-1.2.2.jar;C:\Users\Viktorija\.m2\repository\org\seleniumhq\selenium\selenium-safari-driver\4.8.3\selenium-safari-driver-4.8.3.jar;C:\Users\Viktorija\.m2\repository\org\seleniumhq\selenium\selenium-support\4.8.3\selenium-support-4.8.3.jar;C:\Users\Viktorija\.m2\repository\org\seleniumhq\selenium\htmlunit-driver\4.8.3\htmlunit-driver-4.8.3.jar;C:\Users\Viktorija\.m2\repository\net\sourceforge\htmlunit\htmlunit\2.70.0\htmlunit-2.70.0.jar;C:\Users\Viktorija\.m2\repository\org\apache\httpcomponents\httpmime\4.5.14\httpmime-4.5.14.jar;C:\Users\Viktorija\.m2\repository\org\apache\httpcomponents\httpclient\4.5.14\httpclient-4.5.14.jar;C:\Users\Viktorija\.m2\repository\org\apache\httpcomponents\httpcore\4.4.16\httpcore-4.4.16.jar;C:\Users\Viktorija\.m2\repository\net\sourceforge\htmlunit\htmlunit-core-js\2.70.0\htmlunit-core-js-2.70.0.jar;C:\Users\Viktorija\.m2\repository\net\sourceforge\htmlunit\neko-htmlunit\2.70.0\neko-htmlunit-2.70.0.jar;C:\Users\Viktorija\.m2\repository\net\sourceforge\htmlunit\htmlunit-cssparser\1.14.0\htmlunit-cssparser-1.14.0.jar;C:\Users\Viktorija\.m2\repository\net\sourceforge\htmlunit\htmlunit-xpath\2.70.0\htmlunit-xpath-2.70.0.jar;C:\Users\Viktorija\.m2\repository\org\apache\commons\commons-lang3\3.12.0\commons-lang3-3.12.0.jar;C:\Users\Viktorija\.m2\repository\org\apache\commons\commons-text\1.10.0\commons-text-1.10.0.jar;C:\Users\Viktorija\.m2\repository\commons-io\commons-io\2.10.0\commons-io-2.10.0.jar;C:\Users\Viktorija\.m2\repository\commons-net\commons-net\3.9.0\commons-net-3.9.0.jar;C:\Users\Viktorija\.m2\repository\commons-codec\commons-codec\1.15\commons-codec-1.15.jar;C:\Users\Viktorija\.m2\repository\org\brotli\dec\0.1.2\dec-0.1.2.jar;C:\Users\Viktorija\.m2\repository\com\shapesecurity\salvation2\3.0.1\salvation2-3.0.1.jar;C:\Users\Viktorija\.m2\repository\org\eclipse\jetty\websocket\websocket-client\9.4.50.v20221201\websocket-client-9.4.50.v20221201.jar;C:\Users\Viktorija\.m2\repository\org\eclipse\jetty\jetty-client\11.0.17\jetty-client-11.0.17.jar;C:\Users\Viktorija\.m2\repository\org\eclipse\jetty\jetty-http\11.0.17\jetty-http-11.0.17.jar;C:\Users\Viktorija\.m2\repository\org\eclipse\jetty\jetty-alpn-client\11.0.17\jetty-alpn-client-11.0.17.jar;C:\Users\Viktorija\.m2\repository\org\eclipse\jetty\jetty-util\11.0.17\jetty-util-11.0.17.jar;C:\Users\Viktorija\.m2\repository\org\eclipse\jetty\jetty-io\11.0.17\jetty-io-11.0.17.jar;C:\Users\Viktorija\.m2\repository\org\eclipse\jetty\websocket\websocket-common\9.4.50.v20221201\websocket-common-9.4.50.v20221201.jar;C:\Users\Viktorija\.m2\repository\org\eclipse\jetty\websocket\websocket-api\9.4.50.v20221201\websocket-api-9.4.50.v20221201.jar;"/>
    <property name="sun.cpu.endian" value="little"/>
    <property name="user.home" value="C:\Users\Viktorija"/>
    <property name="user.language" value="en"/>
    <property name="java.specification.vendor" value="Oracle Corporation"/>
    <property name="java.version.date" value="2022-10-18"/>
    <property name="java.home" value="C:\Users\Viktorija\.jdks\openjdk-19.0.1"/>
    <property name="file.separator" value="\"/>
    <property name="basedir" value="C:\Users\Viktorija\KIII_Project_213045"/>
    <property name="java.vm.compressedOopsMode" value="32-bit"/>
    <property name="line.separator" value="&#10;"/>
    <property name="java.vm.specification.vendor" value="Oracle Corporation"/>
    <property name="java.specification.name" value="Java Platform API Specification"/>
    <property name="FILE_LOG_CHARSET" value="UTF-8"/>
    <property name="java.awt.headless" value="true"/>
    <property name="surefire.real.class.path" value="C:\Users\Viktorija\AppData\Local\Temp\surefire8431709329393641405\surefirebooter-20240616192105972_3.jar"/>
    <property name="user.script" value=""/>
    <property name="sun.management.compiler" value="HotSpot 64-Bit Tiered Compilers"/>
    <property name="java.runtime.version" value="19.0.1+10-21"/>
    <property name="user.name" value="Viktorija"/>
    <property name="stdout.encoding" value="Cp1251"/>
    <property name="path.separator" value=";"/>
    <property name="os.version" value="10.0"/>
    <property name="java.runtime.name" value="OpenJDK Runtime Environment"/>
    <property name="file.encoding" value="UTF-8"/>
    <property name="java.vm.name" value="OpenJDK 64-Bit Server VM"/>
    <property name="localRepository" value="C:\Users\Viktorija\.m2\repository"/>
    <property name="java.vendor.url.bug" value="https://bugreport.java.com/bugreport/"/>
    <property name="java.io.tmpdir" value="C:\Users\VIKTOR~1\AppData\Local\Temp\"/>
    <property name="idea.version" value="2023.2.3"/>
    <property name="catalina.home" value="C:\Users\Viktorija\AppData\Local\Temp\tomcat.9999.18226035168966145451"/>
    <property name="com.zaxxer.hikari.pool_number" value="1"/>
    <property name="java.version" value="19.0.1"/>
    <property name="user.dir" value="C:\Users\Viktorija\KIII_Project_213045"/>
    <property name="os.arch" value="amd64"/>
    <property name="java.vm.specification.name" value="Java Virtual Machine Specification"/>
    <property name="PID" value="1832"/>
    <property name="sun.os.patch.level" value=""/>
    <property name="CONSOLE_LOG_CHARSET" value="UTF-8"/>
    <property name="catalina.base" value="C:\Users\Viktorija\AppData\Local\Temp\tomcat.9999.18226035168966145451"/>
    <property name="native.encoding" value="Cp1251"/>
    <property name="java.library.path" value="C:\Users\Viktorija\.jdks\openjdk-19.0.1\bin;C:\WINDOWS\Sun\Java\bin;C:\WINDOWS\system32;C:\WINDOWS;C:\Program Files (x86)\Common Files\Oracle\Java\javapath;C:\WINDOWS\system32;C:\WINDOWS;C:\WINDOWS\System32\Wbem;C:\WINDOWS\System32\WindowsPowerShell\v1.0\;C:\WINDOWS\System32\OpenSSH\;C:\Program Files\Git\cmd;C:\Program Files\PuTTY\;C:\Program Files\Microsoft SQL Server\150\Tools\Binn\;C:\Program Files\Microsoft SQL Server\Client SDK\ODBC\170\Tools\Binn\;C:\Program Files\dotnet\;C:\Program Files\Docker\Docker\resources\bin;C:\Program Files\nodejs\;C:\Program Files (x86)\Microsoft SQL Server\160\DTS\Binn\;C:\Users\Viktorija\AppData\Local\Programs\Python\Python312\Scripts\;C:\Users\Viktorija\AppData\Local\Programs\Python\Python312\;C:\Users\Viktorija\AppData\Local\Programs\Python\Launcher\;C:\Users\Viktorija\AppData\Local\Microsoft\WindowsApps;C:\Program Files\JetBrains\WebStorm 2021.3.2\bin;;C:\Users\Viktorija\AppData\Local\GitHubDesktop\bin;C:\Program Files\JetBrains\IntelliJ IDEA 2022.2.3\bin;;C:\Users\Viktorija\Gradle\gradle-8.1.1\bin.;C:\Users\Viktorija\AppData\Local\Programs\Microsoft VS Code\bin;C:\Users\Viktorija\.dotnet\tools;C:\Users\Viktorija\AppData\Roaming\npm;."/>
    <property name="java.vm.info" value="mixed mode, sharing"/>
    <property name="stderr.encoding" value="Cp1251"/>
    <property name="java.vendor" value="Oracle Corporation"/>
    <property name="java.vm.version" value="19.0.1+10-21"/>
    <property name="sun.io.unicode.encoding" value="UnicodeLittle"/>
    <property name="java.class.version" value="63.0"/>
  </properties>
  <testcase name="testGetProducts" classname="mk.ukim.finki.wp.eshop.EshopApplicationTests" time="1.932">
    <system-out><![CDATA[19:21:07.796 [main] INFO org.springframework.test.context.support.AnnotationConfigContextLoaderUtils -- Could not detect default configuration classes for test class [mk.ukim.finki.wp.eshop.EshopApplicationTests]: EshopApplicationTests does not declare any static, non-private, non-final, nested classes annotated with @Configuration.
19:21:08.074 [main] INFO org.springframework.boot.test.context.SpringBootTestContextBootstrapper -- Found @SpringBootConfiguration mk.ukim.finki.wp.eshop.EshopApplication for test class mk.ukim.finki.wp.eshop.EshopApplicationTests

  .   ____          _            __ _ _
 /\\ / ___'_ __ _ _(_)_ __  __ _ \ \ \ \
( ( )\___ | '_ | '_| | '_ \/ _` | \ \ \ \
 \\/  ___)| |_)| | | | | || (_| |  ) ) ) )
  '  |____| .__|_| |_|_| |_\__, | / / / /
 =========|_|==============|___/=/_/_/_/
 :: Spring Boot ::                (v3.1.5)

2024-06-16T19:21:09.003+02:00  INFO 1832 --- [           main] m.u.f.wp.eshop.EshopApplicationTests     : Starting EshopApplicationTests using Java 19.0.1 with PID 1832 (started by Viktorija in C:\Users\Viktorija\KIII_Project_213045)
2024-06-16T19:21:09.005+02:00  INFO 1832 --- [           main] m.u.f.wp.eshop.EshopApplicationTests     : The following 1 profile is active: "test"
2024-06-16T19:21:10.445+02:00  INFO 1832 --- [           main] .s.d.r.c.RepositoryConfigurationDelegate : Bootstrapping Spring Data JPA repositories in DEFAULT mode.
2024-06-16T19:21:10.577+02:00  INFO 1832 --- [           main] .s.d.r.c.RepositoryConfigurationDelegate : Finished Spring Data repository scanning in 118 ms. Found 5 JPA repository interfaces.
2024-06-16T19:21:11.847+02:00  INFO 1832 --- [           main] o.s.b.w.embedded.tomcat.TomcatWebServer  : Tomcat initialized with port(s): 9999 (http)
2024-06-16T19:21:11.862+02:00  INFO 1832 --- [           main] o.apache.catalina.core.StandardService   : Starting service [Tomcat]
2024-06-16T19:21:11.863+02:00  INFO 1832 --- [           main] o.apache.catalina.core.StandardEngine    : Starting Servlet engine: [Apache Tomcat/10.1.15]
2024-06-16T19:21:12.044+02:00  INFO 1832 --- [           main] o.a.c.c.C.[Tomcat].[localhost].[/]       : Initializing Spring embedded WebApplicationContext
2024-06-16T19:21:12.045+02:00  INFO 1832 --- [           main] w.s.c.ServletWebServerApplicationContext : Root WebApplicationContext: initialization completed in 3004 ms
2024-06-16T19:21:12.401+02:00  INFO 1832 --- [           main] o.hibernate.jpa.internal.util.LogHelper  : HHH000204: Processing PersistenceUnitInfo [name: default]
2024-06-16T19:21:12.558+02:00  INFO 1832 --- [           main] org.hibernate.Version                    : HHH000412: Hibernate ORM core version 6.2.13.Final
2024-06-16T19:21:12.562+02:00  INFO 1832 --- [           main] org.hibernate.cfg.Environment            : HHH000406: Using bytecode reflection optimizer
2024-06-16T19:21:13.222+02:00  INFO 1832 --- [           main] o.s.o.j.p.SpringPersistenceUnitInfo      : No LoadTimeWeaver setup: ignoring JPA class transformer
2024-06-16T19:21:13.284+02:00  INFO 1832 --- [           main] com.zaxxer.hikari.HikariDataSource       : HikariPool-1 - Starting...
2024-06-16T19:21:13.633+02:00  INFO 1832 --- [           main] com.zaxxer.hikari.pool.HikariPool        : HikariPool-1 - Added connection conn0: url=jdbc:h2:mem:testdb user=SA
2024-06-16T19:21:13.636+02:00  INFO 1832 --- [           main] com.zaxxer.hikari.HikariDataSource       : HikariPool-1 - Start completed.
2024-06-16T19:21:15.292+02:00  INFO 1832 --- [           main] o.h.e.t.j.p.i.JtaPlatformInitiator       : HHH000489: No JTA platform available (set 'hibernate.transaction.jta.platform' to enable JTA platform integration)
Hibernate: drop table if exists categories cascade 
Hibernate: drop table if exists manufacturers cascade 
Hibernate: drop table if exists products cascade 
Hibernate: drop table if exists shop_users cascade 
Hibernate: drop table if exists shop_users_carts cascade 
Hibernate: drop table if exists shopping_cart cascade 
Hibernate: drop table if exists shopping_cart_products cascade 
Hibernate: create table categories (id bigint generated by default as identity, description varchar(4000), name varchar(255), primary key (id))
Hibernate: create table manufacturers (id bigint generated by default as identity, manufacturer_address varchar(255), name varchar(255), primary key (id))
Hibernate: create table products (price float(53), quantity integer, category_id bigint, id bigint generated by default as identity, manufacturer_id bigint, name varchar(255), primary key (id))
Hibernate: create table shop_users (is_account_non_expired boolean not null, is_account_non_locked boolean not null, is_credentials_non_expired boolean not null, is_enabled boolean not null, fullname varchar(255), password varchar(255), role varchar(255) check (role in ('ROLE_USER','ROLE_ADMIN')), user_address1 varchar(255), user_address2 varchar(255), user_city varchar(255), user_country varchar(255), username varchar(255) not null, primary key (username))
Hibernate: create table shop_users_carts (carts_id bigint not null unique, user_username varchar(255) not null)
Hibernate: create table shopping_cart (date_created timestamp(6), id bigint generated by default as identity, status varchar(255) check (status in ('CREATED','CANCELED','FINISHED')), user_username varchar(255), primary key (id))
Hibernate: create table shopping_cart_products (products_id bigint not null, shopping_cart_id bigint not null)
Hibernate: alter table if exists products add constraint FKog2rp4qthbtt2lfyhfo32lsw9 foreign key (category_id) references categories
Hibernate: alter table if exists products add constraint FKljnead8q1652k9q5p0fe0o1g2 foreign key (manufacturer_id) references manufacturers
Hibernate: alter table if exists shop_users_carts add constraint FKixedl9gmh2k1d4jrd0hcrof64 foreign key (carts_id) references shopping_cart
Hibernate: alter table if exists shop_users_carts add constraint FK68gkpl26pgbigh9qe5q13akpm foreign key (user_username) references shop_users
Hibernate: alter table if exists shopping_cart add constraint FKkm9dhg1ejfgx1c1p50a55udnv foreign key (user_username) references shop_users
Hibernate: alter table if exists shopping_cart_products add constraint FK30072utx7e45nste37w5qbcec foreign key (products_id) references products
Hibernate: alter table if exists shopping_cart_products add constraint FKb0wl9vd38umuh226jsjqx3grq foreign key (shopping_cart_id) references shopping_cart
2024-06-16T19:21:15.402+02:00  INFO 1832 --- [           main] j.LocalContainerEntityManagerFactoryBean : Initialized JPA EntityManagerFactory for persistence unit 'default'
2024-06-16T19:21:16.203+02:00  INFO 1832 --- [           main] o.s.d.j.r.query.QueryEnhancerFactory     : Hibernate is in classpath; If applicable, HQL parser will be used.
Hibernate: select count(*) from shop_users u1_0
Hibernate: select u1_0.username,u1_0.fullname,u1_0.is_account_non_expired,u1_0.is_account_non_locked,u1_0.is_credentials_non_expired,u1_0.is_enabled,u1_0.password,u1_0.role,u1_0.user_address1,u1_0.user_address2,u1_0.user_city,u1_0.user_country,c1_0.user_username,c1_1.id,c1_1.date_created,c1_1.status,u2_0.username,u2_0.fullname,u2_0.is_account_non_expired,u2_0.is_account_non_locked,u2_0.is_credentials_non_expired,u2_0.is_enabled,u2_0.password,u2_0.role,u2_0.user_address1,u2_0.user_address2,u2_0.user_city,u2_0.user_country from shop_users u1_0 left join (shop_users_carts c1_0 join shopping_cart c1_1 on c1_1.id=c1_0.carts_id) on u1_0.username=c1_0.user_username left join shop_users u2_0 on u2_0.username=c1_1.user_username where u1_0.username=?
Hibernate: select u1_0.username,u1_0.fullname,u1_0.is_account_non_expired,u1_0.is_account_non_locked,u1_0.is_credentials_non_expired,u1_0.is_enabled,u1_0.password,u1_0.role,u1_0.user_address1,u1_0.user_address2,u1_0.user_city,u1_0.user_country,c1_0.user_username,c1_1.id,c1_1.date_created,c1_1.status,u2_0.username,u2_0.fullname,u2_0.is_account_non_expired,u2_0.is_account_non_locked,u2_0.is_credentials_non_expired,u2_0.is_enabled,u2_0.password,u2_0.role,u2_0.user_address1,u2_0.user_address2,u2_0.user_city,u2_0.user_country from shop_users u1_0 left join (shop_users_carts c1_0 join shopping_cart c1_1 on c1_1.id=c1_0.carts_id) on u1_0.username=c1_0.user_username left join shop_users u2_0 on u2_0.username=c1_1.user_username where u1_0.username=?
Hibernate: select u1_0.username,u1_0.fullname,u1_0.is_account_non_expired,u1_0.is_account_non_locked,u1_0.is_credentials_non_expired,u1_0.is_enabled,u1_0.password,u1_0.role,u1_0.user_address1,u1_0.user_address2,u1_0.user_city,u1_0.user_country,c1_0.user_username,c1_1.id,c1_1.date_created,c1_1.status,u2_0.username,u2_0.fullname,u2_0.is_account_non_expired,u2_0.is_account_non_locked,u2_0.is_credentials_non_expired,u2_0.is_enabled,u2_0.password,u2_0.role,u2_0.user_address1,u2_0.user_address2,u2_0.user_city,u2_0.user_country from shop_users u1_0 left join (shop_users_carts c1_0 join shopping_cart c1_1 on c1_1.id=c1_0.carts_id) on u1_0.username=c1_0.user_username left join shop_users u2_0 on u2_0.username=c1_1.user_username where u1_0.username=?
Hibernate: select u1_0.username,u1_0.fullname,u1_0.is_account_non_expired,u1_0.is_account_non_locked,u1_0.is_credentials_non_expired,u1_0.is_enabled,u1_0.password,u1_0.role,u1_0.user_address1,u1_0.user_address2,u1_0.user_city,u1_0.user_country,c1_0.user_username,c1_1.id,c1_1.date_created,c1_1.status,u2_0.username,u2_0.fullname,u2_0.is_account_non_expired,u2_0.is_account_non_locked,u2_0.is_credentials_non_expired,u2_0.is_enabled,u2_0.password,u2_0.role,u2_0.user_address1,u2_0.user_address2,u2_0.user_city,u2_0.user_country from shop_users u1_0 left join (shop_users_carts c1_0 join shopping_cart c1_1 on c1_1.id=c1_0.carts_id) on u1_0.username=c1_0.user_username left join shop_users u2_0 on u2_0.username=c1_1.user_username where u1_0.username=?
Hibernate: select u1_0.username,u1_0.fullname,u1_0.is_account_non_expired,u1_0.is_account_non_locked,u1_0.is_credentials_non_expired,u1_0.is_enabled,u1_0.password,u1_0.role,u1_0.user_address1,u1_0.user_address2,u1_0.user_city,u1_0.user_country,c1_0.user_username,c1_1.id,c1_1.date_created,c1_1.status,u2_0.username,u2_0.fullname,u2_0.is_account_non_expired,u2_0.is_account_non_locked,u2_0.is_credentials_non_expired,u2_0.is_enabled,u2_0.password,u2_0.role,u2_0.user_address1,u2_0.user_address2,u2_0.user_city,u2_0.user_country from shop_users u1_0 left join (shop_users_carts c1_0 join shopping_cart c1_1 on c1_1.id=c1_0.carts_id) on u1_0.username=c1_0.user_username left join shop_users u2_0 on u2_0.username=c1_1.user_username where u1_0.username=?
Hibernate: insert into shop_users (fullname,is_account_non_expired,is_account_non_locked,is_credentials_non_expired,is_enabled,password,role,user_address1,user_address2,user_city,user_country,username) values (?,?,?,?,?,?,?,?,?,?,?,?)
Hibernate: insert into shop_users (fullname,is_account_non_expired,is_account_non_locked,is_credentials_non_expired,is_enabled,password,role,user_address1,user_address2,user_city,user_country,username) values (?,?,?,?,?,?,?,?,?,?,?,?)
Hibernate: insert into shop_users (fullname,is_account_non_expired,is_account_non_locked,is_credentials_non_expired,is_enabled,password,role,user_address1,user_address2,user_city,user_country,username) values (?,?,?,?,?,?,?,?,?,?,?,?)
Hibernate: insert into shop_users (fullname,is_account_non_expired,is_account_non_locked,is_credentials_non_expired,is_enabled,password,role,user_address1,user_address2,user_city,user_country,username) values (?,?,?,?,?,?,?,?,?,?,?,?)
Hibernate: insert into shop_users (fullname,is_account_non_expired,is_account_non_locked,is_credentials_non_expired,is_enabled,password,role,user_address1,user_address2,user_city,user_country,username) values (?,?,?,?,?,?,?,?,?,?,?,?)
Hibernate: select count(*) from categories c1_0
Hibernate: insert into categories (description,name,id) values (?,?,default)
Hibernate: insert into categories (description,name,id) values (?,?,default)
Hibernate: insert into categories (description,name,id) values (?,?,default)
Hibernate: select count(*) from manufacturers m1_0
Hibernate: insert into manufacturers (manufacturer_address,name,id) values (?,?,default)
Hibernate: insert into manufacturers (manufacturer_address,name,id) values (?,?,default)
Hibernate: insert into manufacturers (manufacturer_address,name,id) values (?,?,default)
Hibernate: select count(*) from products p1_0
Hibernate: select c1_0.id,c1_0.description,c1_0.name from categories c1_0
Hibernate: select m1_0.id,m1_0.manufacturer_address,m1_0.name from manufacturers m1_0
Hibernate: insert into products (category_id,manufacturer_id,name,price,quantity,id) values (?,?,?,?,?,default)
Hibernate: insert into products (category_id,manufacturer_id,name,price,quantity,id) values (?,?,?,?,?,default)
Hibernate: insert into products (category_id,manufacturer_id,name,price,quantity,id) values (?,?,?,?,?,default)
Hibernate: insert into products (category_id,manufacturer_id,name,price,quantity,id) values (?,?,?,?,?,default)
Hibernate: select count(*) from shopping_cart s1_0
Hibernate: select p1_0.id,p1_0.category_id,p1_0.manufacturer_id,p1_0.name,p1_0.price,p1_0.quantity from products p1_0
Hibernate: select c1_0.id,c1_0.description,c1_0.name from categories c1_0 where c1_0.id=?
Hibernate: select m1_0.id,m1_0.manufacturer_address,m1_0.name from manufacturers m1_0 where m1_0.id=?
Hibernate: select m1_0.id,m1_0.manufacturer_address,m1_0.name from manufacturers m1_0 where m1_0.id=?
Hibernate: select c1_0.id,c1_0.description,c1_0.name from categories c1_0 where c1_0.id=?
Hibernate: select m1_0.id,m1_0.manufacturer_address,m1_0.name from manufacturers m1_0 where m1_0.id=?
Hibernate: select c1_0.id,c1_0.description,c1_0.name from categories c1_0 where c1_0.id=?
Hibernate: select u1_0.username,u1_0.fullname,u1_0.is_account_non_expired,u1_0.is_account_non_locked,u1_0.is_credentials_non_expired,u1_0.is_enabled,u1_0.password,u1_0.role,u1_0.user_address1,u1_0.user_address2,u1_0.user_city,u1_0.user_country from shop_users u1_0
Hibernate: select c1_0.user_username,c1_1.id,c1_1.date_created,c1_1.status,u1_0.username,u1_0.fullname,u1_0.is_account_non_expired,u1_0.is_account_non_locked,u1_0.is_credentials_non_expired,u1_0.is_enabled,u1_0.password,u1_0.role,u1_0.user_address1,u1_0.user_address2,u1_0.user_city,u1_0.user_country from shop_users_carts c1_0 join shopping_cart c1_1 on c1_1.id=c1_0.carts_id left join shop_users u1_0 on u1_0.username=c1_1.user_username where c1_0.user_username=?
Hibernate: select c1_0.user_username,c1_1.id,c1_1.date_created,c1_1.status,u1_0.username,u1_0.fullname,u1_0.is_account_non_expired,u1_0.is_account_non_locked,u1_0.is_credentials_non_expired,u1_0.is_enabled,u1_0.password,u1_0.role,u1_0.user_address1,u1_0.user_address2,u1_0.user_city,u1_0.user_country from shop_users_carts c1_0 join shopping_cart c1_1 on c1_1.id=c1_0.carts_id left join shop_users u1_0 on u1_0.username=c1_1.user_username where c1_0.user_username=?
Hibernate: select c1_0.user_username,c1_1.id,c1_1.date_created,c1_1.status,u1_0.username,u1_0.fullname,u1_0.is_account_non_expired,u1_0.is_account_non_locked,u1_0.is_credentials_non_expired,u1_0.is_enabled,u1_0.password,u1_0.role,u1_0.user_address1,u1_0.user_address2,u1_0.user_city,u1_0.user_country from shop_users_carts c1_0 join shopping_cart c1_1 on c1_1.id=c1_0.carts_id left join shop_users u1_0 on u1_0.username=c1_1.user_username where c1_0.user_username=?
Hibernate: select c1_0.user_username,c1_1.id,c1_1.date_created,c1_1.status,u1_0.username,u1_0.fullname,u1_0.is_account_non_expired,u1_0.is_account_non_locked,u1_0.is_credentials_non_expired,u1_0.is_enabled,u1_0.password,u1_0.role,u1_0.user_address1,u1_0.user_address2,u1_0.user_city,u1_0.user_country from shop_users_carts c1_0 join shopping_cart c1_1 on c1_1.id=c1_0.carts_id left join shop_users u1_0 on u1_0.username=c1_1.user_username where c1_0.user_username=?
Hibernate: select c1_0.user_username,c1_1.id,c1_1.date_created,c1_1.status,u1_0.username,u1_0.fullname,u1_0.is_account_non_expired,u1_0.is_account_non_locked,u1_0.is_credentials_non_expired,u1_0.is_enabled,u1_0.password,u1_0.role,u1_0.user_address1,u1_0.user_address2,u1_0.user_city,u1_0.user_country from shop_users_carts c1_0 join shopping_cart c1_1 on c1_1.id=c1_0.carts_id left join shop_users u1_0 on u1_0.username=c1_1.user_username where c1_0.user_username=?
Hibernate: select null,u1_0.fullname,u1_0.is_account_non_expired,u1_0.is_account_non_locked,u1_0.is_credentials_non_expired,u1_0.is_enabled,u1_0.password,u1_0.role from shop_users u1_0 where u1_0.username=?
Hibernate: insert into shopping_cart (date_created,status,user_username,id) values (?,?,?,default)
Hibernate: insert into shopping_cart_products (shopping_cart_id,products_id) values (?,?)
Hibernate: select null,u1_0.fullname,u1_0.is_account_non_expired,u1_0.is_account_non_locked,u1_0.is_credentials_non_expired,u1_0.is_enabled,u1_0.password,u1_0.role from shop_users u1_0 where u1_0.username=?
Hibernate: insert into shopping_cart (date_created,status,user_username,id) values (?,?,?,default)
Hibernate: insert into shopping_cart_products (shopping_cart_id,products_id) values (?,?)
Hibernate: insert into shopping_cart_products (shopping_cart_id,products_id) values (?,?)
Hibernate: insert into shopping_cart_products (shopping_cart_id,products_id) values (?,?)
Hibernate: select null,u1_0.fullname,u1_0.is_account_non_expired,u1_0.is_account_non_locked,u1_0.is_credentials_non_expired,u1_0.is_enabled,u1_0.password,u1_0.role from shop_users u1_0 where u1_0.username=?
Hibernate: insert into shopping_cart (date_created,status,user_username,id) values (?,?,?,default)
Hibernate: insert into shopping_cart_products (shopping_cart_id,products_id) values (?,?)
2024-06-16T19:21:18.091+02:00  WARN 1832 --- [           main] JpaBaseConfiguration$JpaWebConfiguration : spring.jpa.open-in-view is enabled by default. Therefore, database queries may be performed during view rendering. Explicitly configure spring.jpa.open-in-view to disable this warning
2024-06-16T19:21:18.737+02:00  INFO 1832 --- [           main] o.s.s.web.DefaultSecurityFilterChain     : Will secure any request with [org.springframework.security.web.session.DisableEncodeUrlFilter@105c253a, org.springframework.security.web.context.request.async.WebAsyncManagerIntegrationFilter@156322ce, org.springframework.security.web.context.SecurityContextHolderFilter@3bad0efd, org.springframework.security.web.header.HeaderWriterFilter@5bd11ad6, org.springframework.security.web.authentication.logout.LogoutFilter@7244d87, org.springframework.security.web.authentication.UsernamePasswordAuthenticationFilter@33e09baf, org.springframework.security.web.savedrequest.RequestCacheAwareFilter@626967a0, org.springframework.security.web.servletapi.SecurityContextHolderAwareRequestFilter@5080c40e, org.springframework.security.web.authentication.AnonymousAuthenticationFilter@546f0f36, org.springframework.security.web.access.ExceptionTranslationFilter@60ee1a29, org.springframework.security.web.access.intercept.AuthorizationFilter@2110b756]
2024-06-16T19:21:19.161+02:00  INFO 1832 --- [           main] o.s.b.w.embedded.tomcat.TomcatWebServer  : Tomcat started on port(s): 9999 (http) with context path ''
2024-06-16T19:21:19.173+02:00  INFO 1832 --- [           main] m.u.f.wp.eshop.EshopApplicationTests     : Started EshopApplicationTests in 10.698 seconds (process running for 12.989)
2024-06-16T19:21:20.086+02:00  INFO 1832 --- [           main] o.a.c.c.C.[Tomcat].[localhost].[/]       : Initializing Spring TestDispatcherServlet ''
2024-06-16T19:21:20.087+02:00  INFO 1832 --- [           main] o.s.t.web.servlet.TestDispatcherServlet  : Initializing Servlet ''
2024-06-16T19:21:20.088+02:00  INFO 1832 --- [           main] o.s.t.web.servlet.TestDispatcherServlet  : Completed initialization in 1 ms
Hibernate: insert into categories (description,name,id) values (?,?,default)
Hibernate: insert into categories (description,name,id) values (?,?,default)
Hibernate: insert into manufacturers (manufacturer_address,name,id) values (?,?,default)
Hibernate: insert into manufacturers (manufacturer_address,name,id) values (?,?,default)
Hibernate: select u1_0.username,u1_0.fullname,u1_0.is_account_non_expired,u1_0.is_account_non_locked,u1_0.is_credentials_non_expired,u1_0.is_enabled,u1_0.password,u1_0.role,u1_0.user_address1,u1_0.user_address2,u1_0.user_city,u1_0.user_country from shop_users u1_0 where u1_0.username=?
Hibernate: select u1_0.username,u1_0.fullname,u1_0.is_account_non_expired,u1_0.is_account_non_locked,u1_0.is_credentials_non_expired,u1_0.is_enabled,u1_0.password,u1_0.role,u1_0.user_address1,u1_0.user_address2,u1_0.user_city,u1_0.user_country,c1_0.user_username,c1_1.id,c1_1.date_created,c1_1.status,u2_0.username,u2_0.fullname,u2_0.is_account_non_expired,u2_0.is_account_non_locked,u2_0.is_credentials_non_expired,u2_0.is_enabled,u2_0.password,u2_0.role,u2_0.user_address1,u2_0.user_address2,u2_0.user_city,u2_0.user_country from shop_users u1_0 left join (shop_users_carts c1_0 join shopping_cart c1_1 on c1_1.id=c1_0.carts_id) on u1_0.username=c1_0.user_username left join shop_users u2_0 on u2_0.username=c1_1.user_username where u1_0.username=?
Hibernate: insert into shop_users (fullname,is_account_non_expired,is_account_non_locked,is_credentials_non_expired,is_enabled,password,role,user_address1,user_address2,user_city,user_country,username) values (?,?,?,?,?,?,?,?,?,?,?,?)
Hibernate: select u1_0.username,u1_0.fullname,u1_0.is_account_non_expired,u1_0.is_account_non_locked,u1_0.is_credentials_non_expired,u1_0.is_enabled,u1_0.password,u1_0.role,u1_0.user_address1,u1_0.user_address2,u1_0.user_city,u1_0.user_country from shop_users u1_0 where u1_0.username=?
Hibernate: select u1_0.username,u1_0.fullname,u1_0.is_account_non_expired,u1_0.is_account_non_locked,u1_0.is_credentials_non_expired,u1_0.is_enabled,u1_0.password,u1_0.role,u1_0.user_address1,u1_0.user_address2,u1_0.user_city,u1_0.user_country,c1_0.user_username,c1_1.id,c1_1.date_created,c1_1.status,u2_0.username,u2_0.fullname,u2_0.is_account_non_expired,u2_0.is_account_non_locked,u2_0.is_credentials_non_expired,u2_0.is_enabled,u2_0.password,u2_0.role,u2_0.user_address1,u2_0.user_address2,u2_0.user_city,u2_0.user_country from shop_users u1_0 left join (shop_users_carts c1_0 join shopping_cart c1_1 on c1_1.id=c1_0.carts_id) on u1_0.username=c1_0.user_username left join shop_users u2_0 on u2_0.username=c1_1.user_username where u1_0.username=?
Hibernate: insert into shop_users (fullname,is_account_non_expired,is_account_non_locked,is_credentials_non_expired,is_enabled,password,role,user_address1,user_address2,user_city,user_country,username) values (?,?,?,?,?,?,?,?,?,?,?,?)
Hibernate: select p1_0.id,p1_0.category_id,p1_0.manufacturer_id,p1_0.name,p1_0.price,p1_0.quantity from products p1_0
Hibernate: select c1_0.id,c1_0.description,c1_0.name from categories c1_0 where c1_0.id=?
Hibernate: select m1_0.id,m1_0.manufacturer_address,m1_0.name from manufacturers m1_0 where m1_0.id=?
Hibernate: select m1_0.id,m1_0.manufacturer_address,m1_0.name from manufacturers m1_0 where m1_0.id=?
Hibernate: select c1_0.id,c1_0.description,c1_0.name from categories c1_0 where c1_0.id=?
Hibernate: select m1_0.id,m1_0.manufacturer_address,m1_0.name from manufacturers m1_0 where m1_0.id=?
Hibernate: select c1_0.id,c1_0.description,c1_0.name from categories c1_0 where c1_0.id=?
2024-06-16T19:21:20.786+02:00  WARN 1832 --- [           main] actStandardFragmentInsertionTagProcessor : [THYMELEAF][main][master-template] Deprecated unwrapped fragment expression "fragments/header" found in template master-template, line 20, col 9. Please use the complete syntax of fragment expressions instead ("~{fragments/header}"). The old, unwrapped syntax for fragment expressions will be removed in future versions of Thymeleaf.
2024-06-16T19:21:20.815+02:00  WARN 1832 --- [           main] o.t.s.p.StandardIncludeTagProcessor      : [THYMELEAF][main][master-template] Deprecated attribute {th:include,data-th-include} found in template master-template, line 22, col 10. Please use {th:insert,data-th-insert} instead, this deprecated attribute will be removed in future versions of Thymeleaf.
2024-06-16T19:21:20.849+02:00  WARN 1832 --- [           main] actStandardFragmentInsertionTagProcessor : [THYMELEAF][main][master-template] Deprecated unwrapped fragment expression "${bodyContent}" found in template master-template, line 22, col 10. Please use the complete syntax of fragment expressions instead ("~{${bodyContent}}"). The old, unwrapped syntax for fragment expressions will be removed in future versions of Thymeleaf.
2024-06-16T19:21:21.066+02:00  WARN 1832 --- [           main] actStandardFragmentInsertionTagProcessor : [THYMELEAF][main][master-template] Deprecated unwrapped fragment expression "fragments/footer" found in template master-template, line 25, col 9. Please use the complete syntax of fragment expressions instead ("~{fragments/footer}"). The old, unwrapped syntax for fragment expressions will be removed in future versions of Thymeleaf.

MockHttpServletRequest:
      HTTP Method = GET
      Request URI = /products
       Parameters = {}
          Headers = []
             Body = <no character encoding set>
    Session Attrs = {}

Handler:
             Type = mk.ukim.finki.wp.eshop.web.controller.ProductController
           Method = mk.ukim.finki.wp.eshop.web.controller.ProductController#getProductPage(String, Model)

Async:
    Async started = false
     Async result = null

Resolved Exception:
             Type = null

ModelAndView:
        View name = master-template
             View = null
        Attribute = products
            value = [Product(id=1, name=Shoes, price=30.0, quantity=1000, category=Category(id=1, name=Books, description=Books category), manufacturer=Manufacturer(id=1, name=Nike, address=USA)), Product(id=2, name=Hoodie, price=50.99, quantity=200, category=Category(id=1, name=Books, description=Books category), manufacturer=Manufacturer(id=2, name=Coca Cola, address=USA)), Product(id=3, name=Gloves, price=10.0, quantity=56000, category=Category(id=2, name=Sports, description=Sports category), manufacturer=Manufacturer(id=3, name=Literatura, address=MK)), Product(id=4, name=Guitar, price=590.99, quantity=20, category=Category(id=3, name=Food, description=Food category), manufacturer=Manufacturer(id=3, name=Literatura, address=MK))]
        Attribute = bodyContent
            value = products

FlashMap:
       Attributes = null

MockHttpServletResponse:
           Status = 200
    Error message = null
          Headers = [Content-Language:"en", Content-Type:"text/html;charset=UTF-8"]
     Content type = text/html;charset=UTF-8
             Body = <!DOCTYPE html>
<html lang="en" xmlns="http://www.w3.org/1999/xhtml">
<head>
    <meta charset="UTF-8"/>
    <title>Products</title>
    <link rel="stylesheet" href="https://stackpath.bootstrapcdn.com/bootstrap/4.3.1/css/bootstrap.min.css"
          integrity="sha384-ggOyR0iXCbMQv3Xipma34MD+dH/1fQ784/j6cY/iJTQUOhcWr7x9JvoRxT2MZw1T" crossorigin="anonymous">
    <script src="https://code.jquery.com/jquery-3.3.1.slim.min.js"
            integrity="sha384-q8i/X+965DzO0rT7abK41JStQIAqVgRVzpbzo5smXKp4YfRvH+8abtTE1Pi6jizo"
            crossorigin="anonymous"></script>
    <script src="https://cdnjs.cloudflare.com/ajax/libs/popper.js/1.14.7/umd/popper.min.js"
            integrity="sha384-UO2eT0CpHqdSJQ6hJty5KVphtPhzWj9WO1clHTMGa3JDZwrnQq4sF86dIHNDz0W1"
            crossorigin="anonymous"></script>
    <script src="https://stackpath.bootstrapcdn.com/bootstrap/4.3.1/js/bootstrap.min.js"
            integrity="sha384-JjSmVgyd0p3pXB1rRibZUAYoIIy6OrQ6VrjIEaFf/nJGzIxFDsf4x0xIM+B07jRM"
            crossorigin="anonymous"></script>
    <script src="https://kit.fontawesome.com/e59232f0a1.js" crossorigin="anonymous"></script>
</head>
<body>
<header>
    <nav class="navbar navbar-expand-md navbar-dark bg-dark">
        <div class="container">
            <a class="navbar-brand" href="/">WEB PROGRAMMING SHOP</a>
            <button class="navbar-toggler" type="button" data-toggle="collapse" data-target="#navbarsExampleDefault"
                    aria-controls="navbarsExampleDefault" aria-expanded="false" aria-label="Toggle navigation">
                <span class="navbar-toggler-icon"></span>
            </button>

            <div class="collapse navbar-collapse justify-content-end" id="navbarsExampleDefault">
                <ul class="navbar-nav m-auto">
                    <li class="nav-item m-auto">
                        <a class="nav-link active" href="/products">Products</a>
                    </li>
                    <li class="nav-item m-auto">
                        <a class="nav-link active" href="/categories">Categories</a>
                    </li>
                    <li class="nav-item m-auto">
                        <a class="nav-link active" href="/manufacturers">Manufacturers</a>
                    </li>
                </ul>


                <form class="form-inline my-2 my-lg-0">
                    <div class="input-group input-group-sm">
                        <input type="text" class="form-control" aria-label="Small"
                               aria-describedby="inputGroup-sizing-sm"
                               placeholder="Search...">
                        <div class="input-group-append">
                            <button type="button" class="btn btn-secondary btn-number">
                                <i class="fa fa-search"></i>
                            </button>
                        </div>
                    </div>
                </form>
                <ul class="nav navbar-nav navbar-right">

                    <li class="nav-item">
                        <a class="nav-link" href="#"></a>
                    </li>
                    <li class="nav-item">
                        <a class="btn btn-success btn-sm ml-3" href="/shopping-cart">
                            <i class="fa fa-shopping-cart"></i> Cart
                        </a>
                    </li>
                    
                    
                    
                </ul>
            </div>
        </div>
    </nav>
</header>


<section><div>
    <section class="jumbotron text-center">
        <div class="container">
            <h1 class="jumbotron-heading">WEB PROGRAMMING SHOP</h1>
            <h3 class="jumbotron-heading">All products</h3>
        </div>
    </section>

    <div class="container mb-4">
        <div class="row">
            <div class="col-12">
                <div class="table-responsive">
                    <table class="table table-striped">
                        <thead>
                        <tr>
                            <th scope="col">Product name</th>
                            <th scope="col">Price</th>
                            <th scope="col">Manufacturer</th>
                            <th scope="col">Category</th>
                            <th scope="col"></th>
                            <th scope="col"></th>
                            <th scope="col"></th>
                        </tr>
                        </thead>
                        <tbody>
                        <tr class="product">
                            <td>Shoes</td>
                            <td>30.0</td>
                            <td>Nike</td>
                            <td>Books</td>
                            <td class="text-right">
                                
                            </td>
                            <td>
                                
                            </td>
                            <td>
                                <form action="/shopping-cart/add-product/1"
                                      method="POST">
                                    <button type="submit" class="btn btn-sm btn-success add-to-cart">
                                        <i class="fas fa-shopping-cart"></i> Add to cart
                                    </button>
                                </form>
                            </td>
                        </tr>
                        <tr class="product">
                            <td>Hoodie</td>
                            <td>50.99</td>
                            <td>Coca Cola</td>
                            <td>Books</td>
                            <td class="text-right">
                                
                            </td>
                            <td>
                                
                            </td>
                            <td>
                                <form action="/shopping-cart/add-product/2"
                                      method="POST">
                                    <button type="submit" class="btn btn-sm btn-success add-to-cart">
                                        <i class="fas fa-shopping-cart"></i> Add to cart
                                    </button>
                                </form>
                            </td>
                        </tr>
                        <tr class="product">
                            <td>Gloves</td>
                            <td>10.0</td>
                            <td>Literatura</td>
                            <td>Sports</td>
                            <td class="text-right">
                                
                            </td>
                            <td>
                                
                            </td>
                            <td>
                                <form action="/shopping-cart/add-product/3"
                                      method="POST">
                                    <button type="submit" class="btn btn-sm btn-success add-to-cart">
                                        <i class="fas fa-shopping-cart"></i> Add to cart
                                    </button>
                                </form>
                            </td>
                        </tr>
                        <tr class="product">
                            <td>Guitar</td>
                            <td>590.99</td>
                            <td>Literatura</td>
                            <td>Food</td>
                            <td class="text-right">
                                
                            </td>
                            <td>
                                
                            </td>
                            <td>
                                <form action="/shopping-cart/add-product/4"
                                      method="POST">
                                    <button type="submit" class="btn btn-sm btn-success add-to-cart">
                                        <i class="fas fa-shopping-cart"></i> Add to cart
                                    </button>
                                </form>
                            </td>
                        </tr>
                        </tbody>
                    </table>
                </div>
            </div>
            <div class="col mb-3">
                <div class="row">
                    <div class="col-sm-12 col-md-12">
                        <a href="/products/add-form" class="btn btn-block btn-dark add-product-btn">
                            Add new product
                        </a>
                    </div>
                </div>
            </div>
        </div>
    </div>
</div>

</section>
<footer class="text-black-50 mt-xl-5">
    <div class="container">
        <div class="row">
            <div class="col-md-3 col-lg-4 col-xl-3">
                <h5>About</h5>
                <hr class="bg-white mb-2 mt-0 d-inline-block mx-auto w-25">
                <p class="mb-0">
                    Le Lorem Ipsum est simplement du faux texte employé dans la composition et la mise en page avant
                    impression.
                </p>
            </div>

            <div class="col-md-2 col-lg-2 col-xl-2 mx-auto">
                <h5>Informations</h5>
                <hr class="bg-white mb-2 mt-0 d-inline-block mx-auto w-25">
                <ul class="list-unstyled">
                    <li><a href="">Link 1</a></li>
                    <li><a href="">Link 2</a></li>
                    <li><a href="">Link 3</a></li>
                    <li><a href="">Link 4</a></li>
                </ul>
            </div>

            <div class="col-md-3 col-lg-2 col-xl-2 mx-auto">
                <h5>Others links</h5>
                <hr class="bg-white mb-2 mt-0 d-inline-block mx-auto w-25">
                <ul class="list-unstyled">
                    <li><a href="">Link 1</a></li>
                    <li><a href="">Link 2</a></li>
                    <li><a href="">Link 3</a></li>
                    <li><a href="">Link 4</a></li>
                </ul>
            </div>

            <div class="col-md-4 col-lg-3 col-xl-3">
                <h5>Contact</h5>
                <hr class="bg-white mb-2 mt-0 d-inline-block mx-auto w-25">
                <ul class="list-unstyled">
                    <li><i class="fa fa-home mr-2"></i> My company</li>
                    <li><i class="fa fa-envelope mr-2"></i> email@example.com</li>
                    <li><i class="fa fa-phone mr-2"></i> + 33 12 14 15 16</li>
                    <li><i class="fa fa-print mr-2"></i> + 33 12 14 15 16</li>
                </ul>
            </div>
        </div>
    </div>
</footer>

</body>
</html>


    Forwarded URL = null
   Redirected URL = null
          Cookies = []
]]></system-out>
  </testcase>
  <testcase name="contextLoads" classname="mk.ukim.finki.wp.eshop.EshopApplicationTests" time="0.012">
    <system-out><![CDATA[2024-06-16T19:21:21.125+02:00  INFO 1832 --- [           main] o.a.c.c.C.[Tomcat].[localhost].[/]       : Initializing Spring TestDispatcherServlet ''
2024-06-16T19:21:21.125+02:00  INFO 1832 --- [           main] o.s.t.web.servlet.TestDispatcherServlet  : Initializing Servlet ''
2024-06-16T19:21:21.128+02:00  INFO 1832 --- [           main] o.s.t.web.servlet.TestDispatcherServlet  : Completed initialization in 1 ms
]]></system-out>
  </testcase>
  <testcase name="testDeleteProduct" classname="mk.ukim.finki.wp.eshop.EshopApplicationTests" time="0.054">
    <system-out><![CDATA[2024-06-16T19:21:21.138+02:00  INFO 1832 --- [           main] o.a.c.c.C.[Tomcat].[localhost].[/]       : Initializing Spring TestDispatcherServlet ''
2024-06-16T19:21:21.139+02:00  INFO 1832 --- [           main] o.s.t.web.servlet.TestDispatcherServlet  : Initializing Servlet ''
2024-06-16T19:21:21.140+02:00  INFO 1832 --- [           main] o.s.t.web.servlet.TestDispatcherServlet  : Completed initialization in 1 ms
Hibernate: select c1_0.id,c1_0.description,c1_0.name from categories c1_0 where c1_0.id=?
Hibernate: select m1_0.id,m1_0.manufacturer_address,m1_0.name from manufacturers m1_0 where m1_0.id=?
Hibernate: insert into products (category_id,manufacturer_id,name,price,quantity,id) values (?,?,?,?,?,default)
Hibernate: select p1_0.id,c1_0.id,c1_0.description,c1_0.name,m1_0.id,m1_0.manufacturer_address,m1_0.name,p1_0.name,p1_0.price,p1_0.quantity from products p1_0 left join categories c1_0 on c1_0.id=p1_0.category_id left join manufacturers m1_0 on m1_0.id=p1_0.manufacturer_id where p1_0.id=?
Hibernate: delete from products where id=?

MockHttpServletRequest:
      HTTP Method = POST
      Request URI = /products/delete/5
       Parameters = {}
          Headers = []
             Body = <no character encoding set>
    Session Attrs = {}

Handler:
             Type = mk.ukim.finki.wp.eshop.web.controller.ProductController
           Method = mk.ukim.finki.wp.eshop.web.controller.ProductController#deleteProduct(Long)

Async:
    Async started = false
     Async result = null

Resolved Exception:
             Type = null

ModelAndView:
        View name = redirect:/products
             View = null
            Model = null

FlashMap:
       Attributes = null

MockHttpServletResponse:
           Status = 302
    Error message = null
          Headers = [Content-Language:"en", Location:"/products"]
     Content type = null
             Body = 
    Forwarded URL = null
   Redirected URL = /products
          Cookies = []

MockHttpServletRequest:
      HTTP Method = POST
      Request URI = /products/delete/5
       Parameters = {}
          Headers = []
             Body = <no character encoding set>
    Session Attrs = {}

Handler:
             Type = mk.ukim.finki.wp.eshop.web.controller.ProductController
           Method = mk.ukim.finki.wp.eshop.web.controller.ProductController#deleteProduct(Long)

Async:
    Async started = false
     Async result = null

Resolved Exception:
             Type = null

ModelAndView:
        View name = redirect:/products
             View = null
            Model = null

FlashMap:
       Attributes = null

MockHttpServletResponse:
           Status = 302
    Error message = null
          Headers = [Content-Language:"en", Location:"/products"]
     Content type = null
             Body = 
    Forwarded URL = null
   Redirected URL = /products
          Cookies = []
]]></system-out>
  </testcase>
</testsuite>